#
# There is insufficient memory for the Java Runtime Environment to continue.
# Native memory allocation (mmap) failed to map 65536 bytes for Failed to commit metaspace.
# Possible reasons:
#   The system is out of physical RAM or swap space
#   The process is running with CompressedOops enabled, and the Java Heap may be blocking the growth of the native heap
# Possible solutions:
#   Reduce memory load on the system
#   Increase physical memory or swap space
#   Check if swap backing store is full
#   Decrease Java heap size (-Xmx/-Xms)
#   Decrease number of Java threads
#   Decrease Java thread stack sizes (-Xss)
#   Set larger code cache with -XX:ReservedCodeCacheSize=
#   JVM is running with Unscaled Compressed Oops mode in which the Java heap is
#     placed in the first 4GB address space. The Java Heap base address is the
#     maximum limit for the native heap growth. Please use -XX:HeapBaseMinAddress
#     to set the Java Heap base and to place the Java Heap above 4GB virtual address.
# This output file may be truncated or incomplete.
#
#  Out of Memory Error (virtualSpaceNode.cpp:110), pid=20120, tid=21160
#
# JRE version: OpenJDK Runtime Environment Temurin-17.0.4.1+1 (17.0.4.1+1) (build 17.0.4.1+1)
# Java VM: OpenJDK 64-Bit Server VM Temurin-17.0.4.1+1 (17.0.4.1+1, mixed mode, tiered, compressed oops, compressed class ptrs, parallel gc, windows-amd64)
# No core dump will be written. Minidumps are not enabled by default on client versions of Windows
#

---------------  S U M M A R Y ------------

Command Line: --add-modules=ALL-SYSTEM --add-opens=java.base/java.util=ALL-UNNAMED --add-opens=java.base/java.lang=ALL-UNNAMED --add-opens=java.base/sun.nio.fs=ALL-UNNAMED -Declipse.application=org.eclipse.jdt.ls.core.id1 -Dosgi.bundles.defaultStartLevel=4 -Declipse.product=org.eclipse.jdt.ls.core.product -Djava.import.generatesMetadataFilesAtProjectRoot=false -Dfile.encoding=utf8 -XX:+UseParallelGC -XX:GCTimeRatio=4 -XX:AdaptiveSizePolicyWeight=90 -Dsun.zip.disableMemoryMapping=true -Xmx1G -Xms100m -Xlog:disable -javaagent:c:\Users\user\.antigravity\extensions\redhat.java-1.12.0-win32-x64\lombok\lombok-1.18.24.jar -XX:+HeapDumpOnOutOfMemoryError -XX:HeapDumpPath=c:\Users\user\AppData\Roaming\Antigravity\User\workspaceStorage\a1e433b4a5f0c6c270b3112b29a27d60\redhat.java c:\Users\user\.antigravity\extensions\redhat.java-1.12.0-win32-x64\server\plugins\org.eclipse.equinox.launcher_1.6.400.v20210924-0641.jar -configuration c:\Users\user\AppData\Roaming\Antigravity\User\globalStorage\redhat.java\1.12.0\config_win -data c:\Users\user\AppData\Roaming\Antigravity\User\workspaceStorage\a1e433b4a5f0c6c270b3112b29a27d60\redhat.java\jdt_ws

Host: Intel(R) Core(TM) i5-7300HQ CPU @ 2.50GHz, 4 cores, 7G,  Windows 11 , 64 bit Build 22621 (10.0.22621.3958)
Time: Thu Mar  5 00:03:47 2026 India Standard Time elapsed time: 2.369750 seconds (0d 0h 0m 2s)

---------------  T H R E A D  ---------------

Current thread (0x0000019bf7c3fb20):  JavaThread "Start Level: Equinox Container: 184296b2-9679-4ec0-8a7b-c08474329c33" daemon [_thread_in_vm, id=21160, stack(0x0000004420900000,0x0000004420a00000)]

Stack: [0x0000004420900000,0x0000004420a00000]
Native frames: (J=compiled Java code, j=interpreted, Vv=VM code, C=native code)
V  [jvm.dll+0x67731a]
V  [jvm.dll+0x832284]
V  [jvm.dll+0x833a2e]
V  [jvm.dll+0x834093]
V  [jvm.dll+0x245775]
V  [jvm.dll+0x82e22b]
V  [jvm.dll+0x61bdf6]
V  [jvm.dll+0x1c07be]
V  [jvm.dll+0x61e741]
V  [jvm.dll+0x61c796]
V  [jvm.dll+0x239e0f]
V  [jvm.dll+0x6265a5]
V  [jvm.dll+0x1ea5db]
V  [jvm.dll+0x1eab15]
V  [jvm.dll+0x1eb54f]
V  [jvm.dll+0x1e09f1]
V  [jvm.dll+0x53c910]
V  [jvm.dll+0x7ad138]
V  [jvm.dll+0x7ad224]
V  [jvm.dll+0x40ccd5]
V  [jvm.dll+0x412ec8]
C  [java.dll+0x17ec]

Java frames: (J=compiled Java code, j=interpreted, Vv=VM code)
J 1075  java.lang.ClassLoader.defineClass1(Ljava/lang/ClassLoader;Ljava/lang/String;[BIILjava/security/ProtectionDomain;Ljava/lang/String;)Ljava/lang/Class; java.base@17.0.4.1 (0 bytes) @ 0x0000019bec1a475b [0x0000019bec1a46a0+0x00000000000000bb]
j  java.lang.ClassLoader.defineClass(Ljava/lang/String;[BIILjava/security/ProtectionDomain;)Ljava/lang/Class;+27 java.base@17.0.4.1
j  org.eclipse.osgi.internal.loader.ModuleClassLoader.defineClass(Ljava/lang/String;[BLorg/eclipse/osgi/internal/loader/classpath/ClasspathEntry;)Lorg/eclipse/osgi/internal/loader/ModuleClassLoader$DefineClassResult;+42
j  org.eclipse.osgi.internal.loader.classpath.ClasspathManager.defineClass(Ljava/lang/String;[BLorg/eclipse/osgi/internal/loader/classpath/ClasspathEntry;Lorg/eclipse/osgi/storage/bundlefile/BundleEntry;Ljava/util/List;)Ljava/lang/Class;+424
j  org.eclipse.osgi.internal.loader.classpath.ClasspathManager.findClassImpl(Ljava/lang/String;Lorg/eclipse/osgi/internal/loader/classpath/ClasspathEntry;Ljava/util/List;)Ljava/lang/Class;+269
j  org.eclipse.osgi.internal.loader.classpath.ClasspathManager.findLocalClassImpl(Ljava/lang/String;[Lorg/eclipse/osgi/internal/loader/classpath/ClasspathEntry;Ljava/util/List;)Ljava/lang/Class;+30
j  org.eclipse.osgi.internal.loader.classpath.ClasspathManager.findLocalClassImpl(Ljava/lang/String;Ljava/util/List;)Ljava/lang/Class;+69
j  org.eclipse.osgi.internal.loader.classpath.ClasspathManager.findLocalClass(Ljava/lang/String;)Ljava/lang/Class;+113
j  org.eclipse.osgi.internal.loader.ModuleClassLoader.findLocalClass(Ljava/lang/String;)Ljava/lang/Class;+5
j  org.eclipse.osgi.internal.loader.BundleLoader.findLocalClass(Ljava/lang/String;)Ljava/lang/Class;+57
j  org.eclipse.osgi.internal.loader.BundleLoader.findClass0(Ljava/lang/String;ZZ)Ljava/lang/Class;+309
J 1661 c1 org.eclipse.osgi.internal.loader.BundleLoader.findClass(Ljava/lang/String;)Ljava/lang/Class; (8 bytes) @ 0x0000019be4f2801c [0x0000019be4f27fa0+0x000000000000007c]
j  org.eclipse.osgi.internal.loader.ModuleClassLoader.loadClass(Ljava/lang/String;Z)Ljava/lang/Class;+21
J 798 c1 java.lang.ClassLoader.loadClass(Ljava/lang/String;)Ljava/lang/Class; java.base@17.0.4.1 (7 bytes) @ 0x0000019be4d53cbc [0x0000019be4d53bc0+0x00000000000000fc]
v  ~StubRoutines::call_stub
j  org.apache.felix.scr.impl.ComponentRegistry.createComponentHolder(Lorg/apache/felix/scr/impl/manager/ComponentActivator;Lorg/apache/felix/scr/impl/metadata/ComponentMetadata;Lorg/apache/felix/scr/impl/logger/ComponentLogger;)Lorg/apache/felix/scr/impl/manager/ComponentHolder;+0
j  org.apache.felix.scr.impl.BundleComponentActivator.validateAndRegister(Lorg/apache/felix/scr/impl/metadata/ComponentMetadata;)V+51
j  org.apache.felix.scr.impl.BundleComponentActivator.loadDescriptor(Ljava/net/URL;)V+114
j  org.apache.felix.scr.impl.BundleComponentActivator.initialize(Ljava/util/List;)V+195
j  org.apache.felix.scr.impl.BundleComponentActivator.<init>(Lorg/apache/felix/scr/impl/logger/ScrLogger;Lorg/apache/felix/scr/impl/ComponentRegistry;Lorg/apache/felix/scr/impl/ComponentActorThread;Lorg/osgi/framework/BundleContext;Lorg/apache/felix/scr/impl/manager/ScrConfiguration;Ljava/util/List;Lorg/osgi/framework/ServiceReference;)V+124
j  org.apache.felix.scr.impl.Activator.loadComponents(Lorg/osgi/framework/Bundle;)V+373
j  org.apache.felix.scr.impl.Activator.access$200(Lorg/apache/felix/scr/impl/Activator;Lorg/osgi/framework/Bundle;)V+2
j  org.apache.felix.scr.impl.Activator$ScrExtension.start()V+72
j  org.apache.felix.scr.impl.AbstractExtender.createExtension(Lorg/osgi/framework/Bundle;)V+71
j  org.apache.felix.scr.impl.AbstractExtender.modifiedBundle(Lorg/osgi/framework/Bundle;Lorg/osgi/framework/BundleEvent;Lorg/osgi/framework/Bundle;)V+115
j  org.apache.felix.scr.impl.AbstractExtender.addingBundle(Lorg/osgi/framework/Bundle;Lorg/osgi/framework/BundleEvent;)Lorg/osgi/framework/Bundle;+4
j  org.apache.felix.scr.impl.AbstractExtender.addingBundle(Lorg/osgi/framework/Bundle;Lorg/osgi/framework/BundleEvent;)Ljava/lang/Object;+3
j  org.osgi.util.tracker.BundleTracker$Tracked.customizerAdding(Lorg/osgi/framework/Bundle;Lorg/osgi/framework/BundleEvent;)Ljava/lang/Object;+9
j  org.osgi.util.tracker.BundleTracker$Tracked.customizerAdding(Ljava/lang/Object;Ljava/lang/Object;)Ljava/lang/Object;+9
j  org.osgi.util.tracker.AbstractTracked.trackAdding(Ljava/lang/Object;Ljava/lang/Object;)V+8
j  org.osgi.util.tracker.AbstractTracked.track(Ljava/lang/Object;Ljava/lang/Object;)V+83
j  org.osgi.util.tracker.BundleTracker$Tracked.bundleChanged(Lorg/osgi/framework/BundleEvent;)V+35
J 1536 c1 org.eclipse.osgi.internal.framework.BundleContextImpl.dispatchEvent(Ljava/lang/Object;Ljava/lang/Object;ILjava/lang/Object;)V (558 bytes) @ 0x0000019be4ef40c4 [0x0000019be4ef2ea0+0x0000000000001224]
j  org.eclipse.osgi.framework.eventmgr.EventManager.dispatchEvent(Ljava/util/Set;Lorg/eclipse/osgi/framework/eventmgr/EventDispatcher;ILjava/lang/Object;)V+48
j  org.eclipse.osgi.framework.eventmgr.ListenerQueue.dispatchEventSynchronous(ILjava/lang/Object;)V+67
j  org.eclipse.osgi.internal.framework.EquinoxEventPublisher.publishBundleEventPrivileged(Lorg/osgi/framework/BundleEvent;)V+547
j  org.eclipse.osgi.internal.framework.EquinoxEventPublisher.publishBundleEvent(Lorg/osgi/framework/BundleEvent;)V+8
j  org.eclipse.osgi.internal.framework.EquinoxEventPublisher.publishBundleEvent(ILorg/osgi/framework/Bundle;Lorg/osgi/framework/Bundle;)V+15
j  org.eclipse.osgi.internal.framework.EquinoxContainerAdaptor.publishModuleEvent(Lorg/eclipse/osgi/container/ModuleContainerAdaptor$ModuleEvent;Lorg/eclipse/osgi/container/Module;Lorg/eclipse/osgi/container/Module;)V+29
j  org.eclipse.osgi.container.Module.publishEvent(Lorg/eclipse/osgi/container/ModuleContainerAdaptor$ModuleEvent;)V+13
j  org.eclipse.osgi.container.Module.start([Lorg/eclipse/osgi/container/Module$StartOptions;)V+588
j  org.eclipse.osgi.container.ModuleContainer$ContainerStartLevel$2.run()V+71
j  org.eclipse.osgi.internal.framework.EquinoxContainerAdaptor$1$1.execute(Ljava/lang/Runnable;)V+1
j  org.eclipse.osgi.container.ModuleContainer$ContainerStartLevel.incStartLevel(ILjava/util/List;Z)V+192
j  org.eclipse.osgi.container.ModuleContainer$ContainerStartLevel.incStartLevel(ILjava/util/List;Ljava/util/List;Ljava/util/List;Ljava/util/List;)V+4
j  org.eclipse.osgi.container.ModuleContainer$ContainerStartLevel.doContainerStartLevel(Lorg/eclipse/osgi/container/Module;I[Lorg/osgi/framework/FrameworkListener;)V+349
j  org.eclipse.osgi.container.ModuleContainer$ContainerStartLevel.dispatchEvent(Lorg/eclipse/osgi/container/Module;[Lorg/osgi/framework/FrameworkListener;ILjava/lang/Integer;)V+32
j  org.eclipse.osgi.container.ModuleContainer$ContainerStartLevel.dispatchEvent(Ljava/lang/Object;Ljava/lang/Object;ILjava/lang/Object;)V+15
j  org.eclipse.osgi.framework.eventmgr.EventManager.dispatchEvent(Ljava/util/Set;Lorg/eclipse/osgi/framework/eventmgr/EventDispatcher;ILjava/lang/Object;)V+48
j  org.eclipse.osgi.framework.eventmgr.EventManager$EventThread.run()V+26
v  ~StubRoutines::call_stub

---------------  P R O C E S S  ---------------

Threads class SMR info:
_java_thread_list=0x0000019bf7c5eb70, length=16, elements={
0x0000019be19e6060, 0x0000019bf57feae0, 0x0000019bf5800370, 0x0000019bf5810520,
0x0000019bf58111a0, 0x0000019bf5813e30, 0x0000019bf58169c0, 0x0000019bf5844750,
0x0000019bf71f96f0, 0x0000019bf71fc3b0, 0x0000019be1aa47c0, 0x0000019bf74db910,
0x0000019bf7b79bc0, 0x0000019bf7c3f650, 0x0000019bf7c3fb20, 0x0000019bf7ce29c0
}

Java Threads: ( => current thread )
  0x0000019be19e6060 JavaThread "main" [_thread_blocked, id=15140, stack(0x000000441f400000,0x000000441f500000)]
  0x0000019bf57feae0 JavaThread "Reference Handler" daemon [_thread_blocked, id=14564, stack(0x000000441f800000,0x000000441f900000)]
  0x0000019bf5800370 JavaThread "Finalizer" daemon [_thread_blocked, id=16532, stack(0x000000441f900000,0x000000441fa00000)]
  0x0000019bf5810520 JavaThread "Signal Dispatcher" daemon [_thread_blocked, id=7972, stack(0x000000441fa00000,0x000000441fb00000)]
  0x0000019bf58111a0 JavaThread "Attach Listener" daemon [_thread_blocked, id=7980, stack(0x000000441fb00000,0x000000441fc00000)]
  0x0000019bf5813e30 JavaThread "Service Thread" daemon [_thread_blocked, id=14796, stack(0x000000441fc00000,0x000000441fd00000)]
  0x0000019bf58169c0 JavaThread "Monitor Deflation Thread" daemon [_thread_blocked, id=12320, stack(0x000000441fd00000,0x000000441fe00000)]
  0x0000019bf5844750 JavaThread "C2 CompilerThread0" daemon [_thread_blocked, id=7120, stack(0x000000441fe00000,0x000000441ff00000)]
  0x0000019bf71f96f0 JavaThread "C1 CompilerThread0" daemon [_thread_in_vm, id=10292, stack(0x000000441ff00000,0x0000004420000000)]
  0x0000019bf71fc3b0 JavaThread "Sweeper thread" daemon [_thread_blocked, id=21476, stack(0x0000004420000000,0x0000004420100000)]
  0x0000019be1aa47c0 JavaThread "Common-Cleaner" daemon [_thread_blocked, id=14412, stack(0x0000004420100000,0x0000004420200000)]
  0x0000019bf74db910 JavaThread "Notification Thread" daemon [_thread_blocked, id=14152, stack(0x0000004420200000,0x0000004420300000)]
  0x0000019bf7b79bc0 JavaThread "Active Thread: Equinox Container: 184296b2-9679-4ec0-8a7b-c08474329c33" [_thread_blocked, id=22472, stack(0x0000004420700000,0x0000004420800000)]
  0x0000019bf7c3f650 JavaThread "Framework Event Dispatcher: Equinox Container: 184296b2-9679-4ec0-8a7b-c08474329c33" daemon [_thread_blocked, id=3456, stack(0x0000004420800000,0x0000004420900000)]
=>0x0000019bf7c3fb20 JavaThread "Start Level: Equinox Container: 184296b2-9679-4ec0-8a7b-c08474329c33" daemon [_thread_in_vm, id=21160, stack(0x0000004420900000,0x0000004420a00000)]
  0x0000019bf7ce29c0 JavaThread "SCR Component Actor" daemon [_thread_blocked, id=2764, stack(0x0000004420a00000,0x0000004420b00000)]

Other Threads:
  0x0000019bf570d640 VMThread "VM Thread" [stack: 0x000000441f700000,0x000000441f800000] [id=18512]
  0x0000019bf74b0680 WatcherThread [stack: 0x0000004420300000,0x0000004420400000] [id=15132]
  0x0000019be19fc2a0 GCTaskThread "GC Thread#0" [stack: 0x000000441f600000,0x000000441f700000] [id=22200]
  0x0000019bf75afeb0 GCTaskThread "GC Thread#1" [stack: 0x0000004420400000,0x0000004420500000] [id=12528]
  0x0000019bf7862450 GCTaskThread "GC Thread#2" [stack: 0x0000004420500000,0x0000004420600000] [id=16128]
  0x0000019bf7862700 GCTaskThread "GC Thread#3" [stack: 0x0000004420600000,0x0000004420700000] [id=15744]

Threads with active compile tasks:
C1 CompilerThread0     2405 1662   !   3       org.eclipse.osgi.internal.loader.BundleLoader::findClass0 (466 bytes)

VM state: not at safepoint (normal execution)

VM Mutex/Monitor currently owned by a thread:  ([mutex/lock_event])
[0x0000019be19e1bc0] Metaspace_lock - owner thread: 0x0000019bf7c3fb20
[0x0000019be19e2870] MethodData_lock - owner thread: 0x0000019bf71f96f0

Heap address: 0x00000000c0000000, size: 1024 MB, Compressed Oops mode: 32-bit

CDS archive(s) not mapped
Compressed class space mapped at: 0x0000000100000000-0x0000000140000000, reserved size: 1073741824
Narrow klass base: 0x0000000000000000, Narrow klass shift: 3, Narrow klass range: 0x140000000

GC Precious Log:
 CPUs: 4 total, 4 available
 Memory: 8075M
 Large Page Support: Disabled
 NUMA Support: Disabled
 Compressed Oops: Enabled (32-bit)
 Alignments: Space 512K, Generation 512K, Heap 2M
 Heap Min Capacity: 100M
 Heap Initial Capacity: 100M
 Heap Max Capacity: 1G
 Pre-touch: Disabled
 Parallel Workers: 4

Heap:
 PSYoungGen      total 29696K, used 6929K [0x00000000eab00000, 0x00000000ecc00000, 0x0000000100000000)
  eden space 25600K, 11% used [0x00000000eab00000,0x00000000eadc8db8,0x00000000ec400000)
  from space 4096K, 99% used [0x00000000ec800000,0x00000000ecbfb708,0x00000000ecc00000)
  to   space 4096K, 0% used [0x00000000ec400000,0x00000000ec400000,0x00000000ec800000)
 ParOldGen       total 68608K, used 1510K [0x00000000c0000000, 0x00000000c4300000, 0x00000000eab00000)
  object space 68608K, 2% used [0x00000000c0000000,0x00000000c0179b80,0x00000000c4300000)
 Metaspace       used 15188K, committed 15424K, reserved 1064960K
  class space    used 1548K, committed 1664K, reserved 1048576K

Card table byte_map: [0x0000019be1390000,0x0000019be15a0000] _byte_map_base: 0x0000019be0d90000

Marking Bits: (ParMarkBitMap*) 0x00007ffd0fda2cc0
 Begin Bits: [0x0000019bf3670000, 0x0000019bf4670000)
 End Bits:   [0x0000019bf4670000, 0x0000019bf5670000)

Polling page: 0x0000019bdf850000

Metaspace:

Usage:
  Non-class:     13.32 MB used.
      Class:      1.51 MB used.
       Both:     14.83 MB used.

Virtual space:
  Non-class space:       16.00 MB reserved,      13.44 MB ( 84%) committed,  2 nodes.
      Class space:        1.00 GB reserved,       1.62 MB ( <1%) committed,  1 nodes.
             Both:        1.02 GB reserved,      15.06 MB (  1%) committed. 

Chunk freelists:
   Non-Class:  2.11 MB
       Class:  2.35 MB
        Both:  4.46 MB

MaxMetaspaceSize: unlimited
CompressedClassSpaceSize: 1.00 GB
Initial GC threshold: 21.00 MB
Current GC threshold: 21.00 MB
CDS: off
MetaspaceReclaimPolicy: balanced
 - commit_granule_bytes: 65536.
 - commit_granule_words: 8192.
 - virtual_space_node_default_size: 1048576.
 - enlarge_chunks_in_place: 1.
 - new_chunks_are_fully_committed: 0.
 - uncommit_free_chunks: 1.
 - use_allocation_guard: 0.
 - handle_deallocations: 1.


Internal statistics:

num_allocs_failed_limit: 0.
num_arena_births: 88.
num_arena_deaths: 0.
num_vsnodes_births: 3.
num_vsnodes_deaths: 0.
num_space_committed: 241.
num_space_uncommitted: 0.
num_chunks_returned_to_freelist: 0.
num_chunks_taken_from_freelist: 305.
num_chunk_merges: 0.
num_chunk_splits: 204.
num_chunks_enlarged: 156.
num_purges: 0.
num_inconsistent_stats: 0.

CodeHeap 'non-profiled nmethods': size=120000Kb used=680Kb max_used=680Kb free=119319Kb
 bounds [0x0000019bec140000, 0x0000019bec3b0000, 0x0000019bf3670000]
CodeHeap 'profiled nmethods': size=120000Kb used=3168Kb max_used=3168Kb free=116831Kb
 bounds [0x0000019be4c10000, 0x0000019be4f30000, 0x0000019bec140000]
CodeHeap 'non-nmethods': size=5760Kb used=1160Kb max_used=1189Kb free=4599Kb
 bounds [0x0000019be4670000, 0x0000019be48e0000, 0x0000019be4c10000]
 total_blobs=2110 nmethods=1659 adapters=365
 compilation: enabled
              stopped_count=0, restarted_count=0
 full_count=0

Compilation events (20 events):
Event: 2.320 Thread 0x0000019bf71f96f0 1653       3       java.security.AccessController::executePrivileged (65 bytes)
Event: 2.320 Thread 0x0000019bf71f96f0 nmethod 1653 0x0000019be4f25290 code [0x0000019be4f25460, 0x0000019be4f25758]
Event: 2.323 Thread 0x0000019bf5844750 nmethod 1620 0x0000019bec1e7a10 code [0x0000019bec1e7c20, 0x0000019bec1e8b90]
Event: 2.324 Thread 0x0000019bf5844750 1630       4       java.lang.StringBuilder::<init> (7 bytes)
Event: 2.324 Thread 0x0000019bf5844750 nmethod 1630 0x0000019bec1e9810 code [0x0000019bec1e99a0, 0x0000019bec1e9ab8]
Event: 2.354 Thread 0x0000019bf71f96f0 1655       3       java.util.Arrays::fill (28 bytes)
Event: 2.355 Thread 0x0000019bf71f96f0 nmethod 1655 0x0000019be4f25890 code [0x0000019be4f25a40, 0x0000019be4f25c68]
Event: 2.355 Thread 0x0000019bf71f96f0 1656       3       java.util.Arrays::rangeCheck (74 bytes)
Event: 2.355 Thread 0x0000019bf5844750 1657 %     4       java.util.Arrays::fill @ 10 (28 bytes)
Event: 2.355 Thread 0x0000019bf71f96f0 nmethod 1656 0x0000019be4f25d90 code [0x0000019be4f26040, 0x0000019be4f26a68]
Event: 2.358 Thread 0x0000019bf5844750 nmethod 1657% 0x0000019bec1e9f90 code [0x0000019bec1ea100, 0x0000019bec1ea298]
Event: 2.361 Thread 0x0000019bf71f96f0 1658       3       com.sun.org.apache.xerces.internal.util.XMLChar::isContent (35 bytes)
Event: 2.361 Thread 0x0000019bf71f96f0 nmethod 1658 0x0000019be4f26e90 code [0x0000019be4f27020, 0x0000019be4f27258]
Event: 2.364 Thread 0x0000019bf71f96f0 1659       3       java.util.ArrayList::fastRemove (44 bytes)
Event: 2.364 Thread 0x0000019bf71f96f0 nmethod 1659 0x0000019be4f27310 code [0x0000019be4f274c0, 0x0000019be4f27868]
Event: 2.365 Thread 0x0000019bf71f96f0 1660   !   3       org.eclipse.osgi.internal.framework.EquinoxContainer::getServiceRegistry (17 bytes)
Event: 2.365 Thread 0x0000019bf71f96f0 nmethod 1660 0x0000019be4f27990 code [0x0000019be4f27b20, 0x0000019be4f27d18]
Event: 2.368 Thread 0x0000019bf71f96f0 1661       3       org.eclipse.osgi.internal.loader.BundleLoader::findClass (8 bytes)
Event: 2.368 Thread 0x0000019bf71f96f0 nmethod 1661 0x0000019be4f27e10 code [0x0000019be4f27fa0, 0x0000019be4f280e8]
Event: 2.368 Thread 0x0000019bf71f96f0 1662   !   3       org.eclipse.osgi.internal.loader.BundleLoader::findClass0 (466 bytes)

GC Heap History (4 events):
Event: 1.347 GC heap before
{Heap before GC invocations=1 (full 0):
 PSYoungGen      total 29696K, used 25600K [0x00000000eab00000, 0x00000000ecc00000, 0x0000000100000000)
  eden space 25600K, 100% used [0x00000000eab00000,0x00000000ec400000,0x00000000ec400000)
  from space 4096K, 0% used [0x00000000ec800000,0x00000000ec800000,0x00000000ecc00000)
  to   space 4096K, 0% used [0x00000000ec400000,0x00000000ec400000,0x00000000ec800000)
 ParOldGen       total 68608K, used 0K [0x00000000c0000000, 0x00000000c4300000, 0x00000000eab00000)
  object space 68608K, 0% used [0x00000000c0000000,0x00000000c0000000,0x00000000c4300000)
 Metaspace       used 10775K, committed 10944K, reserved 1064960K
  class space    used 1081K, committed 1152K, reserved 1048576K
}
Event: 1.358 GC heap after
{Heap after GC invocations=1 (full 0):
 PSYoungGen      total 29696K, used 3310K [0x00000000eab00000, 0x00000000ecc00000, 0x0000000100000000)
  eden space 25600K, 0% used [0x00000000eab00000,0x00000000eab00000,0x00000000ec400000)
  from space 4096K, 80% used [0x00000000ec400000,0x00000000ec73bb28,0x00000000ec800000)
  to   space 4096K, 0% used [0x00000000ec800000,0x00000000ec800000,0x00000000ecc00000)
 ParOldGen       total 68608K, used 0K [0x00000000c0000000, 0x00000000c4300000, 0x00000000eab00000)
  object space 68608K, 0% used [0x00000000c0000000,0x00000000c0000000,0x00000000c4300000)
 Metaspace       used 10775K, committed 10944K, reserved 1064960K
  class space    used 1081K, committed 1152K, reserved 1048576K
}
Event: 2.341 GC heap before
{Heap before GC invocations=2 (full 0):
 PSYoungGen      total 29696K, used 28910K [0x00000000eab00000, 0x00000000ecc00000, 0x0000000100000000)
  eden space 25600K, 100% used [0x00000000eab00000,0x00000000ec400000,0x00000000ec400000)
  from space 4096K, 80% used [0x00000000ec400000,0x00000000ec73bb28,0x00000000ec800000)
  to   space 4096K, 0% used [0x00000000ec800000,0x00000000ec800000,0x00000000ecc00000)
 ParOldGen       total 68608K, used 0K [0x00000000c0000000, 0x00000000c4300000, 0x00000000eab00000)
  object space 68608K, 0% used [0x00000000c0000000,0x00000000c0000000,0x00000000c4300000)
 Metaspace       used 14719K, committed 15040K, reserved 1064960K
  class space    used 1495K, committed 1664K, reserved 1048576K
}
Event: 2.347 GC heap after
{Heap after GC invocations=2 (full 0):
 PSYoungGen      total 29696K, used 4077K [0x00000000eab00000, 0x00000000ecc00000, 0x0000000100000000)
  eden space 25600K, 0% used [0x00000000eab00000,0x00000000eab00000,0x00000000ec400000)
  from space 4096K, 99% used [0x00000000ec800000,0x00000000ecbfb708,0x00000000ecc00000)
  to   space 4096K, 0% used [0x00000000ec400000,0x00000000ec400000,0x00000000ec800000)
 ParOldGen       total 68608K, used 1510K [0x00000000c0000000, 0x00000000c4300000, 0x00000000eab00000)
  object space 68608K, 2% used [0x00000000c0000000,0x00000000c0179b80,0x00000000c4300000)
 Metaspace       used 14719K, committed 15040K, reserved 1064960K
  class space    used 1495K, committed 1664K, reserved 1048576K
}

Deoptimization events (20 events):
Event: 1.878 Thread 0x0000019be19e6060 Uncommon trap: trap_request=0xffffffde fr.pc=0x0000019bec195658 relative=0x0000000000000a18
Event: 1.878 Thread 0x0000019be19e6060 Uncommon trap: reason=class_check action=maybe_recompile pc=0x0000019bec195658 method=java.util.HashMap.putVal(ILjava/lang/Object;Ljava/lang/Object;ZZ)Ljava/lang/Object; @ 253 c2
Event: 1.878 Thread 0x0000019be19e6060 DEOPT PACKING pc=0x0000019bec195658 sp=0x000000441f4fe030
Event: 1.878 Thread 0x0000019be19e6060 DEOPT UNPACKING pc=0x0000019be46c20a3 sp=0x000000441f4fdfb0 mode 2
Event: 1.880 Thread 0x0000019be19e6060 Uncommon trap: trap_request=0xffffffde fr.pc=0x0000019bec195658 relative=0x0000000000000a18
Event: 1.880 Thread 0x0000019be19e6060 Uncommon trap: reason=class_check action=maybe_recompile pc=0x0000019bec195658 method=java.util.HashMap.putVal(ILjava/lang/Object;Ljava/lang/Object;ZZ)Ljava/lang/Object; @ 253 c2
Event: 1.880 Thread 0x0000019be19e6060 DEOPT PACKING pc=0x0000019bec195658 sp=0x000000441f4fe030
Event: 1.880 Thread 0x0000019be19e6060 DEOPT UNPACKING pc=0x0000019be46c20a3 sp=0x000000441f4fdfb0 mode 2
Event: 1.941 Thread 0x0000019be19e6060 DEOPT PACKING pc=0x0000019be4d18a61 sp=0x000000441f4fca50
Event: 1.941 Thread 0x0000019be19e6060 DEOPT UNPACKING pc=0x0000019be46c2843 sp=0x000000441f4fbed8 mode 0
Event: 2.022 Thread 0x0000019be19e6060 DEOPT PACKING pc=0x0000019be4ce6a43 sp=0x000000441f4fe650
Event: 2.022 Thread 0x0000019be19e6060 DEOPT UNPACKING pc=0x0000019be46c2843 sp=0x000000441f4fdb70 mode 0
Event: 2.043 Thread 0x0000019be19e6060 DEOPT PACKING pc=0x0000019be4ce6a43 sp=0x000000441f4fe650
Event: 2.043 Thread 0x0000019be19e6060 DEOPT UNPACKING pc=0x0000019be46c2843 sp=0x000000441f4fdb70 mode 0
Event: 2.053 Thread 0x0000019be19e6060 DEOPT PACKING pc=0x0000019be4ce6a43 sp=0x000000441f4fe5d0
Event: 2.053 Thread 0x0000019be19e6060 DEOPT UNPACKING pc=0x0000019be46c2843 sp=0x000000441f4fdaf0 mode 0
Event: 2.061 Thread 0x0000019be19e6060 DEOPT PACKING pc=0x0000019be4ce6a43 sp=0x000000441f4fe650
Event: 2.061 Thread 0x0000019be19e6060 DEOPT UNPACKING pc=0x0000019be46c2843 sp=0x000000441f4fdb70 mode 0
Event: 2.176 Thread 0x0000019be19e6060 DEOPT PACKING pc=0x0000019be4e572e2 sp=0x000000441f4fe6d0
Event: 2.176 Thread 0x0000019be19e6060 DEOPT UNPACKING pc=0x0000019be46c2843 sp=0x000000441f4fdb68 mode 3

Classes unloaded (0 events):
No events

Classes redefined (0 events):
No events

Internal exceptions (20 events):
Event: 0.817 Thread 0x0000019be19e6060 Implicit null exception at 0x0000019bec1623f2 to 0x0000019bec162938
Event: 0.820 Thread 0x0000019be19e6060 Exception <a 'java/io/FileNotFoundException'{0x00000000eb77f140}> (0x00000000eb77f140) 
thrown [s\src\hotspot\share\prims\jni.cpp, line 516]
Event: 1.125 Thread 0x0000019be19e6060 Exception <a 'java/lang/ClassNotFoundException'{0x00000000ebf77b40}: sun/net/www/protocol/c/Handler> (0x00000000ebf77b40) 
thrown [s\src\hotspot\share\classfile\systemDictionary.cpp, line 256]
Event: 1.126 Thread 0x0000019be19e6060 Exception <a 'java/lang/ClassNotFoundException'{0x00000000ebf78e70}: sun/net/www/protocol/d/Handler> (0x00000000ebf78e70) 
thrown [s\src\hotspot\share\classfile\systemDictionary.cpp, line 256]
Event: 1.126 Thread 0x0000019be19e6060 Exception <a 'java/lang/ClassNotFoundException'{0x00000000ebf79fc0}: sun/net/www/protocol/c/Handler> (0x00000000ebf79fc0) 
thrown [s\src\hotspot\share\classfile\systemDictionary.cpp, line 256]
Event: 1.155 Thread 0x0000019be19e6060 Exception <a 'java/io/FileNotFoundException'{0x00000000ebfa08b0}> (0x00000000ebfa08b0) 
thrown [s\src\hotspot\share\prims\jni.cpp, line 516]
Event: 1.188 Thread 0x0000019be19e6060 Implicit null exception at 0x0000019bec196200 to 0x0000019bec196bdc
Event: 1.188 Thread 0x0000019be19e6060 Implicit null exception at 0x0000019bec1916f1 to 0x0000019bec1918f4
Event: 1.189 Thread 0x0000019be19e6060 Implicit null exception at 0x0000019bec187af1 to 0x0000019bec187cf4
Event: 1.189 Thread 0x0000019be19e6060 Implicit null exception at 0x0000019bec17aa8f to 0x0000019bec17ab09
Event: 1.261 Thread 0x0000019be19e6060 Exception <a 'java/lang/NoSuchMethodError'{0x00000000ec26d028}: 'int java.lang.invoke.DirectMethodHandle$Holder.invokeStaticInit(java.lang.Object, java.lang.Object, java.lang.Object, java.lang.Object)'> (0x00000000ec26d028) 
thrown [s\src\hotspot\share\interpreter\linkResolver.cpp, line 759]
Event: 1.263 Thread 0x0000019be19e6060 Exception <a 'java/lang/NoSuchMethodError'{0x00000000ec277698}: 'java.lang.Object java.lang.invoke.DirectMethodHandle$Holder.invokeInterface(java.lang.Object, java.lang.Object)'> (0x00000000ec277698) 
thrown [s\src\hotspot\share\interpreter\linkResolver.cpp, line 759]
Event: 1.263 Thread 0x0000019be19e6060 Exception <a 'java/lang/IncompatibleClassChangeError'{0x00000000ec27ae90}: Found class java.lang.Object, but interface was expected> (0x00000000ec27ae90) 
thrown [s\src\hotspot\share\interpreter\linkResolver.cpp, line 826]
Event: 1.264 Thread 0x0000019be19e6060 Exception <a 'java/lang/NoSuchMethodError'{0x00000000ec27f388}: 'void java.lang.invoke.DirectMethodHandle$Holder.invokeStatic(java.lang.Object, java.lang.Object)'> (0x00000000ec27f388) 
thrown [s\src\hotspot\share\interpreter\linkResolver.cpp, line 759]
Event: 1.264 Thread 0x0000019be19e6060 Exception <a 'java/lang/NoSuchMethodError'{0x00000000ec282b88}: 'void java.lang.invoke.DirectMethodHandle$Holder.invokeStaticInit(java.lang.Object, java.lang.Object)'> (0x00000000ec282b88) 
thrown [s\src\hotspot\share\interpreter\linkResolver.cpp, line 759]
Event: 1.266 Thread 0x0000019be19e6060 Exception <a 'java/lang/NoSuchMethodError'{0x00000000ec289f80}: 'int java.lang.invoke.DirectMethodHandle$Holder.invokeStaticInit(java.lang.Object, java.lang.Object)'> (0x00000000ec289f80) 
thrown [s\src\hotspot\share\interpreter\linkResolver.cpp, line 759]
Event: 1.344 Thread 0x0000019be19e6060 Exception <a 'java/lang/NoSuchMethodError'{0x00000000ec3d50d8}: 'void java.lang.invoke.DirectMethodHandle$Holder.invokeSpecial(java.lang.Object, java.lang.Object, java.lang.Object)'> (0x00000000ec3d50d8) 
thrown [s\src\hotspot\share\interpreter\linkResolver.cpp, line 759]
Event: 1.851 Thread 0x0000019be19e6060 Exception <a 'java/lang/NoSuchMethodError'{0x00000000eb811520}: 'java.lang.Object java.lang.invoke.DirectMethodHandle$Holder.newInvokeSpecial(java.lang.Object, int, java.lang.Object)'> (0x00000000eb811520) 
thrown [s\src\hotspot\share\interpreter\linkResolver.cpp, line 759]
Event: 2.110 Thread 0x0000019be19e6060 Exception <a 'java/lang/UnsatisfiedLinkError'{0x00000000ebd98e80}: 'void org.eclipse.equinox.launcher.JNIBridge._update_splash()'> (0x00000000ebd98e80) 
thrown [s\src\hotspot\share\prims\nativeLookup.cpp, line 543]
Event: 2.244 Thread 0x0000019bf7c3fb20 Exception <a 'java/lang/NoSuchMethodError'{0x00000000ec06dfc8}: 'java.lang.Object java.lang.invoke.DirectMethodHandle$Holder.invokeStaticInit(java.lang.Object)'> (0x00000000ec06dfc8) 
thrown [s\src\hotspot\share\interpreter\linkResolver.cpp, line 759]

VM Operations (20 events):
Event: 0.800 Executing VM operation: HandshakeAllThreads
Event: 0.800 Executing VM operation: HandshakeAllThreads done
Event: 1.100 Executing VM operation: HandshakeAllThreads
Event: 1.100 Executing VM operation: HandshakeAllThreads done
Event: 1.207 Executing VM operation: ICBufferFull
Event: 1.208 Executing VM operation: ICBufferFull done
Event: 1.347 Executing VM operation: ParallelGCFailedAllocation
Event: 1.358 Executing VM operation: ParallelGCFailedAllocation done
Event: 1.828 Executing VM operation: HandshakeAllThreads
Event: 1.828 Executing VM operation: HandshakeAllThreads done
Event: 1.829 Executing VM operation: HandshakeAllThreads
Event: 1.829 Executing VM operation: HandshakeAllThreads done
Event: 1.834 Executing VM operation: HandshakeAllThreads
Event: 1.834 Executing VM operation: HandshakeAllThreads done
Event: 1.847 Executing VM operation: HandshakeAllThreads
Event: 1.847 Executing VM operation: HandshakeAllThreads done
Event: 2.264 Executing VM operation: HandshakeAllThreads
Event: 2.264 Executing VM operation: HandshakeAllThreads done
Event: 2.341 Executing VM operation: ParallelGCFailedAllocation
Event: 2.347 Executing VM operation: ParallelGCFailedAllocation done

Events (20 events):
Event: 2.354 loading class com/sun/org/apache/xerces/internal/util/XMLChar
Event: 2.354 loading class com/sun/org/apache/xerces/internal/util/XMLChar done
Event: 2.355 loading class com/sun/org/apache/xerces/internal/util/XMLSymbols
Event: 2.355 loading class com/sun/org/apache/xerces/internal/util/XMLSymbols done
Event: 2.355 loading class com/sun/org/apache/xerces/internal/parsers/AbstractSAXParser$LocatorProxy
Event: 2.356 loading class org/xml/sax/ext/Locator2
Event: 2.356 loading class org/xml/sax/Locator
Event: 2.356 loading class org/xml/sax/Locator done
Event: 2.356 loading class org/xml/sax/ext/Locator2 done
Event: 2.356 loading class com/sun/org/apache/xerces/internal/parsers/AbstractSAXParser$LocatorProxy done
Event: 2.356 loading class com/sun/org/apache/xerces/internal/impl/XMLScanner$NameType
Event: 2.356 loading class com/sun/org/apache/xerces/internal/impl/XMLScanner$NameType done
Event: 2.356 loading class com/sun/org/apache/xerces/internal/impl/Constants
Event: 2.357 loading class com/sun/org/apache/xerces/internal/impl/Constants done
Event: 2.357 loading class com/sun/org/apache/xerces/internal/impl/Constants$ArrayEnumeration
Event: 2.357 loading class com/sun/org/apache/xerces/internal/impl/Constants$ArrayEnumeration done
Event: 2.364 loading class com/sun/org/apache/xerces/internal/impl/io/MalformedByteSequenceException
Event: 2.364 loading class java/io/CharConversionException
Event: 2.364 loading class java/io/CharConversionException done
Event: 2.364 loading class com/sun/org/apache/xerces/internal/impl/io/MalformedByteSequenceException done


Dynamic libraries:
0x00007ff68d5a0000 - 0x00007ff68d5ae000 	c:\Users\user\.antigravity\extensions\redhat.java-1.12.0-win32-x64\jre\17.0.4.1-win32-x86_64\bin\java.exe
0x00007ffd8b230000 - 0x00007ffd8b447000 	C:\Windows\SYSTEM32\ntdll.dll
0x00007ffd89090000 - 0x00007ffd89154000 	C:\Windows\System32\KERNEL32.DLL
0x00007ffd888c0000 - 0x00007ffd88c77000 	C:\Windows\System32\KERNELBASE.dll
0x00007ffd88e10000 - 0x00007ffd88f21000 	C:\Windows\System32\ucrtbase.dll
0x00007ffd74310000 - 0x00007ffd74328000 	c:\Users\user\.antigravity\extensions\redhat.java-1.12.0-win32-x64\jre\17.0.4.1-win32-x86_64\bin\jli.dll
0x00007ffd89210000 - 0x00007ffd893bf000 	C:\Windows\System32\USER32.dll
0x00007ffd88f30000 - 0x00007ffd88f56000 	C:\Windows\System32\win32u.dll
0x00007ffd89060000 - 0x00007ffd89089000 	C:\Windows\System32\GDI32.dll
0x00007ffd88cf0000 - 0x00007ffd88e08000 	C:\Windows\System32\gdi32full.dll
0x00007ffd88570000 - 0x00007ffd8860a000 	C:\Windows\System32\msvcp_win.dll
0x00007ffd72ab0000 - 0x00007ffd72ac9000 	c:\Users\user\.antigravity\extensions\redhat.java-1.12.0-win32-x64\jre\17.0.4.1-win32-x86_64\bin\VCRUNTIME140.dll
0x00007ffd87780000 - 0x00007ffd87a13000 	C:\Windows\WinSxS\amd64_microsoft.windows.common-controls_6595b64144ccf1df_6.0.22621.3672_none_2713b9d173822955\COMCTL32.dll
0x00007ffd8ac30000 - 0x00007ffd8acd7000 	C:\Windows\System32\msvcrt.dll
0x00007ffd8af10000 - 0x00007ffd8af41000 	C:\Windows\System32\IMM32.DLL
0x00007ffd80030000 - 0x00007ffd8003c000 	c:\Users\user\.antigravity\extensions\redhat.java-1.12.0-win32-x64\jre\17.0.4.1-win32-x86_64\bin\vcruntime140_1.dll
0x00007ffd2f6b0000 - 0x00007ffd2f741000 	c:\Users\user\.antigravity\extensions\redhat.java-1.12.0-win32-x64\jre\17.0.4.1-win32-x86_64\bin\msvcp140.dll
0x00007ffd0f220000 - 0x00007ffd0fe66000 	c:\Users\user\.antigravity\extensions\redhat.java-1.12.0-win32-x64\jre\17.0.4.1-win32-x86_64\bin\server\jvm.dll
0x00007ffd8af50000 - 0x00007ffd8b002000 	C:\Windows\System32\ADVAPI32.dll
0x00007ffd89160000 - 0x00007ffd89208000 	C:\Windows\System32\sechost.dll
0x00007ffd88540000 - 0x00007ffd88568000 	C:\Windows\System32\bcrypt.dll
0x00007ffd8ad50000 - 0x00007ffd8ae64000 	C:\Windows\System32\RPCRT4.dll
0x00007ffd8ad40000 - 0x00007ffd8ad48000 	C:\Windows\System32\PSAPI.DLL
0x00007ffd6fd50000 - 0x00007ffd6fd59000 	C:\Windows\SYSTEM32\WSOCK32.dll
0x00007ffd8a8f0000 - 0x00007ffd8a961000 	C:\Windows\System32\WS2_32.dll
0x00007ffd7fef0000 - 0x00007ffd7ff24000 	C:\Windows\SYSTEM32\WINMM.dll
0x00007ffd84940000 - 0x00007ffd8494a000 	C:\Windows\SYSTEM32\VERSION.dll
0x00007ffd866c0000 - 0x00007ffd866d8000 	C:\Windows\SYSTEM32\kernel.appcore.dll
0x00007ffd76c70000 - 0x00007ffd76c7a000 	c:\Users\user\.antigravity\extensions\redhat.java-1.12.0-win32-x64\jre\17.0.4.1-win32-x86_64\bin\jimage.dll
0x00007ffd87ea0000 - 0x00007ffd880d2000 	C:\Windows\SYSTEM32\DBGHELP.DLL
0x00007ffd893c0000 - 0x00007ffd8974e000 	C:\Windows\System32\combase.dll
0x00007ffd8a7b0000 - 0x00007ffd8a887000 	C:\Windows\System32\OLEAUT32.dll
0x00007ffd87d40000 - 0x00007ffd87d72000 	C:\Windows\SYSTEM32\dbgcore.DLL
0x00007ffd88610000 - 0x00007ffd8868b000 	C:\Windows\System32\bcryptPrimitives.dll
0x00007ffd80040000 - 0x00007ffd8004e000 	c:\Users\user\.antigravity\extensions\redhat.java-1.12.0-win32-x64\jre\17.0.4.1-win32-x86_64\bin\instrument.dll
0x00007ffd77170000 - 0x00007ffd77195000 	c:\Users\user\.antigravity\extensions\redhat.java-1.12.0-win32-x64\jre\17.0.4.1-win32-x86_64\bin\java.dll
0x00007ffd64930000 - 0x00007ffd64948000 	c:\Users\user\.antigravity\extensions\redhat.java-1.12.0-win32-x64\jre\17.0.4.1-win32-x86_64\bin\zip.dll
0x00007ffd89e20000 - 0x00007ffd8a689000 	C:\Windows\System32\SHELL32.dll
0x00007ffd85550000 - 0x00007ffd85e4f000 	C:\Windows\SYSTEM32\windows.storage.dll
0x00007ffd85410000 - 0x00007ffd8554f000 	C:\Windows\SYSTEM32\wintypes.dll
0x00007ffd8ab30000 - 0x00007ffd8ac29000 	C:\Windows\System32\SHCORE.dll
0x00007ffd8a750000 - 0x00007ffd8a7ae000 	C:\Windows\System32\shlwapi.dll
0x00007ffd88470000 - 0x00007ffd88497000 	C:\Windows\SYSTEM32\profapi.dll
0x00007ffd5c980000 - 0x00007ffd5c999000 	C:\Users\user\.antigravity\extensions\redhat.java-1.12.0-win32-x64\jre\17.0.4.1-win32-x86_64\bin\net.dll
0x00007ffd831b0000 - 0x00007ffd832e6000 	C:\Windows\SYSTEM32\WINHTTP.dll
0x00007ffd86b60000 - 0x00007ffd86bc9000 	C:\Windows\system32\mswsock.dll
0x00007ffd5c960000 - 0x00007ffd5c975000 	C:\Users\user\.antigravity\extensions\redhat.java-1.12.0-win32-x64\jre\17.0.4.1-win32-x86_64\bin\nio.dll
0x00007ffd73b60000 - 0x00007ffd73b70000 	c:\Users\user\.antigravity\extensions\redhat.java-1.12.0-win32-x64\jre\17.0.4.1-win32-x86_64\bin\verify.dll
0x00007ffd57be0000 - 0x00007ffd57c1e000 	C:\Users\user\AppData\Roaming\Antigravity\User\globalStorage\redhat.java\1.12.0\config_win\org.eclipse.equinox.launcher\org.eclipse.equinox.launcher.win32.win32.x86_64_1.2.600.v20220720-1916\eclipse_11700.dll
0x00007ffd8b040000 - 0x00007ffd8b1e5000 	C:\Windows\System32\ole32.dll

dbghelp: loaded successfully - version: 4.0.5 - missing functions: none
symbol engine: initialized successfully - sym options: 0x614 - pdb path: .;c:\Users\user\.antigravity\extensions\redhat.java-1.12.0-win32-x64\jre\17.0.4.1-win32-x86_64\bin;C:\Windows\SYSTEM32;C:\Windows\WinSxS\amd64_microsoft.windows.common-controls_6595b64144ccf1df_6.0.22621.3672_none_2713b9d173822955;c:\Users\user\.antigravity\extensions\redhat.java-1.12.0-win32-x64\jre\17.0.4.1-win32-x86_64\bin\server;C:\Users\user\AppData\Roaming\Antigravity\User\globalStorage\redhat.java\1.12.0\config_win\org.eclipse.equinox.launcher\org.eclipse.equinox.launcher.win32.win32.x86_64_1.2.600.v20220720-1916

VM Arguments:
jvm_args: --add-modules=ALL-SYSTEM --add-opens=java.base/java.util=ALL-UNNAMED --add-opens=java.base/java.lang=ALL-UNNAMED --add-opens=java.base/sun.nio.fs=ALL-UNNAMED -Declipse.application=org.eclipse.jdt.ls.core.id1 -Dosgi.bundles.defaultStartLevel=4 -Declipse.product=org.eclipse.jdt.ls.core.product -Djava.import.generatesMetadataFilesAtProjectRoot=false -Dfile.encoding=utf8 -XX:+UseParallelGC -XX:GCTimeRatio=4 -XX:AdaptiveSizePolicyWeight=90 -Dsun.zip.disableMemoryMapping=true -Xmx1G -Xms100m -Xlog:disable -javaagent:c:\Users\user\.antigravity\extensions\redhat.java-1.12.0-win32-x64\lombok\lombok-1.18.24.jar -XX:+HeapDumpOnOutOfMemoryError -XX:HeapDumpPath=c:\Users\user\AppData\Roaming\Antigravity\User\workspaceStorage\a1e433b4a5f0c6c270b3112b29a27d60\redhat.java 
java_command: c:\Users\user\.antigravity\extensions\redhat.java-1.12.0-win32-x64\server\plugins\org.eclipse.equinox.launcher_1.6.400.v20210924-0641.jar -configuration c:\Users\user\AppData\Roaming\Antigravity\User\globalStorage\redhat.java\1.12.0\config_win -data c:\Users\user\AppData\Roaming\Antigravity\User\workspaceStorage\a1e433b4a5f0c6c270b3112b29a27d60\redhat.java\jdt_ws
java_class_path (initial): c:\Users\user\.antigravity\extensions\redhat.java-1.12.0-win32-x64\server\plugins\org.eclipse.equinox.launcher_1.6.400.v20210924-0641.jar
Launcher Type: SUN_STANDARD

[Global flags]
    uintx AdaptiveSizePolicyWeight                 = 90                                        {product} {command line}
     intx CICompilerCount                          = 3                                         {product} {ergonomic}
    uintx GCTimeRatio                              = 4                                         {product} {command line}
     bool HeapDumpOnOutOfMemoryError               = true                                   {manageable} {command line}
    ccstr HeapDumpPath                             = c:\Users\user\AppData\Roaming\Antigravity\User\workspaceStorage\a1e433b4a5f0c6c270b3112b29a27d60\redhat.java         {manageable} {command line}
   size_t InitialHeapSize                          = 104857600                                 {product} {command line}
   size_t MaxHeapSize                              = 1073741824                                {product} {command line}
   size_t MaxNewSize                               = 357564416                                 {product} {ergonomic}
   size_t MinHeapDeltaBytes                        = 524288                                    {product} {ergonomic}
   size_t MinHeapSize                              = 104857600                                 {product} {command line}
   size_t NewSize                                  = 34603008                                  {product} {ergonomic}
    uintx NonNMethodCodeHeapSize                   = 5832780                                {pd product} {ergonomic}
    uintx NonProfiledCodeHeapSize                  = 122912730                              {pd product} {ergonomic}
   size_t OldSize                                  = 70254592                                  {product} {ergonomic}
    uintx ProfiledCodeHeapSize                     = 122912730                              {pd product} {ergonomic}
    uintx ReservedCodeCacheSize                    = 251658240                              {pd product} {ergonomic}
     bool SegmentedCodeCache                       = true                                      {product} {ergonomic}
   size_t SoftMaxHeapSize                          = 1073741824                             {manageable} {ergonomic}
     bool UseCompressedClassPointers               = true                           {product lp64_product} {ergonomic}
     bool UseCompressedOops                        = true                           {product lp64_product} {ergonomic}
     bool UseLargePagesIndividualAllocation        = false                                  {pd product} {ergonomic}
     bool UseParallelGC                            = true                                      {product} {command line}

Logging:
Log output configuration:
 #0: stdout all=off uptime,level,tags
 #1: stderr all=off uptime,level,tags

Environment Variables:
JAVA_HOME=C:\Program Files\Microsoft\jdk-17.0.10.7-hotspot\
PATH=C:\Program Files\Microsoft\jdk-17.0.10.7-hotspot\bin;C:\Windows\system32;C:\Windows;C:\Windows\System32\Wbem;C:\Windows\System32\WindowsPowerShell\v1.0\;C:\Windows\System32\OpenSSH\;C:\ProgramData\chocolatey\bin;D:\Git\cmd;C:\Users\user\AppData\Local\Android\Sdk;C:\Program Files (x86)\Microsoft SQL Server\160\Tools\Binn\;C:\Program Files\Microsoft SQL Server\160\Tools\Binn\;C:\Program Files\Microsoft SQL Server\Client SDK\ODBC\170\Tools\Binn\;C:\Program Files\Microsoft SQL Server\160\DTS\Binn\;C:\Program Files\WireGuard\;C:\Program Files\nodejs\;C:\Users\user\AppData\Local\Android\Sdk\tools;C:\Users\user\AppData\Local\Microsoft\WindowsApps;C:\Users\user\AppData\Local\Android\Sdk\platform-tools;C:\Users\user\AppData\Local\GitHubDesktop\bin;C:\Users\user\AppData\Local\Programs\Microsoft VS Code\bin;C:\Users\user\AppData\Roaming\npm;C:\Users\user\AppData\Local\Programs\Antigravity\bin
USERNAME=user
TMPDIR=C:\Users\Public\Documents\iSkysoft\CreatorTemp
OS=Windows_NT
PROCESSOR_IDENTIFIER=Intel64 Family 6 Model 158 Stepping 9, GenuineIntel
TMP=C:\Users\user\AppData\Local\Temp
TEMP=C:\Users\user\AppData\Local\Temp



---------------  S Y S T E M  ---------------

OS:
 Windows 11 , 64 bit Build 22621 (10.0.22621.3958)
OS uptime: 1 days 12:17 hours
Hyper-V role detected

CPU: total 4 (initial active 4) (4 cores per cpu, 1 threads per core) family 6 model 158 stepping 9 microcode 0xde, cx8, cmov, fxsr, mmx, 3dnowpref, sse, sse2, sse3, ssse3, sse4.1, sse4.2, popcnt, lzcnt, tsc, tscinvbit, avx, avx2, aes, erms, clmul, bmi1, bmi2, adx, fma, vzeroupper, clflush, clflushopt, hv

Memory: 4k page, system-wide physical 8075M (326M free)
TotalPageFile size 32651M (AvailPageFile size 0M)
current process WorkingSet (physical memory assigned to process): 91M, peak: 91M
current process commit charge ("private bytes"): 193M, peak: 193M

vm_info: OpenJDK 64-Bit Server VM (17.0.4.1+1) for windows-amd64 JRE (17.0.4.1+1), built on Aug 17 2022 07:42:43 by "temurin" with MS VC++ 16.7 (VS2019)

END.
