#
# There is insufficient memory for the Java Runtime Environment to continue.
# Native memory allocation (malloc) failed to allocate 1239856 bytes for Chunk::new
# Possible reasons:
#   The system is out of physical RAM or swap space
#   The process is running with CompressedOops enabled, and the Java Heap may be blocking the growth of the native heap
# Possible solutions:
#   Reduce memory load on the system
#   Increase physical memory or swap space
#   Check if swap backing store is full
#   Decrease Java heap size (-Xmx/-Xms)
#   Decrease number of Java threads
#   Decrease Java thread stack sizes (-Xss)
#   Set larger code cache with -XX:ReservedCodeCacheSize=
#   JVM is running with Unscaled Compressed Oops mode in which the Java heap is
#     placed in the first 4GB address space. The Java Heap base address is the
#     maximum limit for the native heap growth. Please use -XX:HeapBaseMinAddress
#     to set the Java Heap base and to place the Java Heap above 4GB virtual address.
# This output file may be truncated or incomplete.
#
#  Out of Memory Error (arena.cpp:189), pid=11000, tid=5884
#
# JRE version: OpenJDK Runtime Environment Temurin-17.0.4.1+1 (17.0.4.1+1) (build 17.0.4.1+1)
# Java VM: OpenJDK 64-Bit Server VM Temurin-17.0.4.1+1 (17.0.4.1+1, mixed mode, tiered, compressed oops, compressed class ptrs, parallel gc, windows-amd64)
# No core dump will be written. Minidumps are not enabled by default on client versions of Windows
#

---------------  S U M M A R Y ------------

Command Line: --add-modules=ALL-SYSTEM --add-opens=java.base/java.util=ALL-UNNAMED --add-opens=java.base/java.lang=ALL-UNNAMED --add-opens=java.base/sun.nio.fs=ALL-UNNAMED -Declipse.application=org.eclipse.jdt.ls.core.id1 -Dosgi.bundles.defaultStartLevel=4 -Declipse.product=org.eclipse.jdt.ls.core.product -Djava.import.generatesMetadataFilesAtProjectRoot=false -Dfile.encoding=utf8 -XX:+UseParallelGC -XX:GCTimeRatio=4 -XX:AdaptiveSizePolicyWeight=90 -Dsun.zip.disableMemoryMapping=true -Xmx1G -Xms100m -Xlog:disable -javaagent:c:\Users\user\.antigravity\extensions\redhat.java-1.12.0-win32-x64\lombok\lombok-1.18.24.jar -XX:+HeapDumpOnOutOfMemoryError -XX:HeapDumpPath=c:\Users\user\AppData\Roaming\Antigravity\User\workspaceStorage\a1e433b4a5f0c6c270b3112b29a27d60\redhat.java c:\Users\user\.antigravity\extensions\redhat.java-1.12.0-win32-x64\server\plugins\org.eclipse.equinox.launcher_1.6.400.v20210924-0641.jar -configuration c:\Users\user\AppData\Roaming\Antigravity\User\globalStorage\redhat.java\1.12.0\config_win -data c:\Users\user\AppData\Roaming\Antigravity\User\workspaceStorage\a1e433b4a5f0c6c270b3112b29a27d60\redhat.java\jdt_ws

Host: Intel(R) Core(TM) i5-7300HQ CPU @ 2.50GHz, 4 cores, 7G,  Windows 11 , 64 bit Build 22621 (10.0.22621.3958)
Time: Thu Mar  5 00:03:38 2026 India Standard Time elapsed time: 15.275516 seconds (0d 0h 0m 15s)

---------------  T H R E A D  ---------------

Current thread (0x0000023ba6d05b60):  JavaThread "C2 CompilerThread0" daemon [_thread_in_native, id=5884, stack(0x0000005086600000,0x0000005086700000)]


Current CompileTask:
C2:  15275 3155   !   4       org.eclipse.osgi.internal.loader.classpath.ClasspathManager::findClassImpl (308 bytes)

Stack: [0x0000005086600000,0x0000005086700000]
Native frames: (J=compiled Java code, j=interpreted, Vv=VM code, C=native code)
V  [jvm.dll+0x67731a]
V  [jvm.dll+0x832284]
V  [jvm.dll+0x833a2e]
V  [jvm.dll+0x834093]
V  [jvm.dll+0x245775]
V  [jvm.dll+0xabd7b]
V  [jvm.dll+0xac30c]
V  [jvm.dll+0x363a42]
V  [jvm.dll+0x32e011]
V  [jvm.dll+0x32d4ba]
V  [jvm.dll+0x218681]
V  [jvm.dll+0x217aa1]
V  [jvm.dll+0x1a3f8d]
V  [jvm.dll+0x227498]
V  [jvm.dll+0x2255e5]
V  [jvm.dll+0x7e7e9b]
V  [jvm.dll+0x7e240a]
V  [jvm.dll+0x6761a5]
C  [ucrtbase.dll+0x29333]
C  [KERNEL32.DLL+0x1257d]
C  [ntdll.dll+0x5af08]


---------------  P R O C E S S  ---------------

Threads class SMR info:
_java_thread_list=0x0000023baa6b0930, length=23, elements={
0x0000023b92ea5bd0, 0x0000023ba6cbea00, 0x0000023ba6cbff20, 0x0000023ba6cd0d50,
0x0000023ba6cd19d0, 0x0000023ba6cd4660, 0x0000023ba6cd51e0, 0x0000023ba6d05b60,
0x0000023ba871a6e0, 0x0000023ba871f750, 0x0000023b92f64330, 0x0000023ba8953060,
0x0000023ba8aaeb40, 0x0000023ba8e25890, 0x0000023ba8e24750, 0x0000023ba8fbd250,
0x0000023ba8e19470, 0x0000023baa467680, 0x0000023ba9e1e080, 0x0000023ba8c968a0,
0x0000023ba8c95560, 0x0000023ba8c95090, 0x0000023ba8c95a30
}
_to_delete_list=0x0000023baa6aa270, length=22, elements={
0x0000023b92ea5bd0, 0x0000023ba6cbea00, 0x0000023ba6cbff20, 0x0000023ba6cd0d50,
0x0000023ba6cd19d0, 0x0000023ba6cd4660, 0x0000023ba6cd51e0, 0x0000023ba6d05b60,
0x0000023ba871a6e0, 0x0000023ba871f750, 0x0000023b92f64330, 0x0000023ba8953060,
0x0000023ba8aaeb40, 0x0000023ba8e25890, 0x0000023ba8e24750, 0x0000023ba8fbd250,
0x0000023ba8e19470, 0x0000023baa467680, 0x0000023ba9e1e080, 0x0000023ba8c968a0,
0x0000023ba8c95560, 0x0000023ba8c95090
}

Java Threads: ( => current thread )
  0x0000023b92ea5bd0 JavaThread "main" [_thread_blocked, id=17136, stack(0x0000005085c00000,0x0000005085d00000)]
  0x0000023ba6cbea00 JavaThread "Reference Handler" daemon [_thread_blocked, id=17976, stack(0x0000005086000000,0x0000005086100000)]
  0x0000023ba6cbff20 JavaThread "Finalizer" daemon [_thread_blocked, id=5268, stack(0x0000005086100000,0x0000005086200000)]
  0x0000023ba6cd0d50 JavaThread "Signal Dispatcher" daemon [_thread_blocked, id=5596, stack(0x0000005086200000,0x0000005086300000)]
  0x0000023ba6cd19d0 JavaThread "Attach Listener" daemon [_thread_blocked, id=17640, stack(0x0000005086300000,0x0000005086400000)]
  0x0000023ba6cd4660 JavaThread "Service Thread" daemon [_thread_blocked, id=1924, stack(0x0000005086400000,0x0000005086500000)]
  0x0000023ba6cd51e0 JavaThread "Monitor Deflation Thread" daemon [_thread_blocked, id=12328, stack(0x0000005086500000,0x0000005086600000)]
=>0x0000023ba6d05b60 JavaThread "C2 CompilerThread0" daemon [_thread_in_native, id=5884, stack(0x0000005086600000,0x0000005086700000)]
  0x0000023ba871a6e0 JavaThread "C1 CompilerThread0" daemon [_thread_blocked, id=21752, stack(0x0000005086800000,0x0000005086900000)]
  0x0000023ba871f750 JavaThread "Sweeper thread" daemon [_thread_blocked, id=19568, stack(0x0000005086900000,0x0000005086a00000)]
  0x0000023b92f64330 JavaThread "Common-Cleaner" daemon [_thread_blocked, id=6812, stack(0x0000005086a00000,0x0000005086b00000)]
  0x0000023ba8953060 JavaThread "Notification Thread" daemon [_thread_blocked, id=14916, stack(0x0000005086b00000,0x0000005086c00000)]
  0x0000023ba8aaeb40 JavaThread "Active Thread: Equinox Container: 193f0e25-d9b1-4367-b7ee-7ce832bc7758" [_thread_blocked, id=14432, stack(0x0000005087000000,0x0000005087100000)]
  0x0000023ba8e25890 JavaThread "Framework Event Dispatcher: Equinox Container: 193f0e25-d9b1-4367-b7ee-7ce832bc7758" daemon [_thread_blocked, id=17396, stack(0x0000005087100000,0x0000005087200000)]
  0x0000023ba8e24750 JavaThread "Start Level: Equinox Container: 193f0e25-d9b1-4367-b7ee-7ce832bc7758" daemon [_thread_in_vm, id=11912, stack(0x0000005087200000,0x0000005087300000)] _threads_hazard_ptr=0x0000023baa6b0930
  0x0000023ba8fbd250 JavaThread "SCR Component Actor" daemon [_thread_blocked, id=16956, stack(0x0000005087300000,0x0000005087400000)]
  0x0000023ba8e19470 JavaThread "Worker-JM" [_thread_blocked, id=17784, stack(0x0000005087500000,0x0000005087600000)]
  0x0000023baa467680 JavaThread "Worker-0: Repository registry initialization" [_thread_in_native, id=4296, stack(0x0000005087400000,0x0000005087500000)]
  0x0000023ba9e1e080 JavaThread "Worker-1: Refreshing workspace" [_thread_in_Java, id=11412, stack(0x0000005087600000,0x0000005087700000)]
  0x0000023ba8c968a0 JavaThread "SCR Component Registry" daemon [_thread_blocked, id=15176, stack(0x0000005087700000,0x0000005087800000)]
  0x0000023ba8c95560 JavaThread "Worker-2: Updating Maven Dependencies" [_thread_blocked, id=6304, stack(0x0000005087800000,0x0000005087900000)]
  0x0000023ba8c95090 JavaThread "Worker-3: Updating workspace" [_thread_blocked, id=9880, stack(0x0000005087900000,0x0000005087a00000)]
  0x0000023ba8c95a30 JavaThread "Worker-4" [_thread_blocked, id=11632, stack(0x0000005087a00000,0x0000005087b00000)]

Other Threads:
  0x0000023ba6befdd0 VMThread "VM Thread" [stack: 0x0000005085f00000,0x0000005086000000] [id=20756]
  0x0000023ba8a14170 WatcherThread [stack: 0x0000005086c00000,0x0000005086d00000] [id=13244]
  0x0000023b92ebbe10 GCTaskThread "GC Thread#0" [stack: 0x0000005085e00000,0x0000005085f00000] [id=19644]
  0x0000023ba8ea7f10 GCTaskThread "GC Thread#1" [stack: 0x0000005086d00000,0x0000005086e00000] [id=11236]
  0x0000023ba8ea81c0 GCTaskThread "GC Thread#2" [stack: 0x0000005086e00000,0x0000005086f00000] [id=1092]
  0x0000023ba8ea8470 GCTaskThread "GC Thread#3" [stack: 0x0000005086f00000,0x0000005087000000] [id=4124]

Threads with active compile tasks:
C2 CompilerThread0    15317 3155   !   4       org.eclipse.osgi.internal.loader.classpath.ClasspathManager::findClassImpl (308 bytes)

VM state: not at safepoint (normal execution)

VM Mutex/Monitor currently owned by a thread: None

Heap address: 0x00000000c0000000, size: 1024 MB, Compressed Oops mode: 32-bit

CDS archive(s) not mapped
Compressed class space mapped at: 0x0000000100000000-0x0000000140000000, reserved size: 1073741824
Narrow klass base: 0x0000000000000000, Narrow klass shift: 3, Narrow klass range: 0x140000000

GC Precious Log:
 CPUs: 4 total, 4 available
 Memory: 8075M
 Large Page Support: Disabled
 NUMA Support: Disabled
 Compressed Oops: Enabled (32-bit)
 Alignments: Space 512K, Generation 512K, Heap 2M
 Heap Min Capacity: 100M
 Heap Initial Capacity: 100M
 Heap Max Capacity: 1G
 Pre-touch: Disabled
 Parallel Workers: 4

Heap:
 PSYoungGen      total 26624K, used 9449K [0x00000000eab00000, 0x00000000ecd00000, 0x0000000100000000)
  eden space 24064K, 28% used [0x00000000eab00000,0x00000000eb1be6d0,0x00000000ec280000)
  from space 2560K, 99% used [0x00000000eca80000,0x00000000eccfbd98,0x00000000ecd00000)
  to   space 3584K, 0% used [0x00000000ec600000,0x00000000ec600000,0x00000000ec980000)
 ParOldGen       total 68608K, used 19871K [0x00000000c0000000, 0x00000000c4300000, 0x00000000eab00000)
  object space 68608K, 28% used [0x00000000c0000000,0x00000000c1367dd8,0x00000000c4300000)
 Metaspace       used 30670K, committed 31232K, reserved 1081344K
  class space    used 2997K, committed 3264K, reserved 1048576K

Card table byte_map: [0x0000023b92850000,0x0000023b92a60000] _byte_map_base: 0x0000023b92250000

Marking Bits: (ParMarkBitMap*) 0x00007ffd0fda2cc0
 Begin Bits: [0x0000023ba4b30000, 0x0000023ba5b30000)
 End Bits:   [0x0000023ba5b30000, 0x0000023ba6b30000)

Polling page: 0x0000023b90e80000

Metaspace:

Usage:
  Non-class:     27.02 MB used.
      Class:      2.93 MB used.
       Both:     29.95 MB used.

Virtual space:
  Non-class space:       32.00 MB reserved,      27.31 MB ( 85%) committed,  4 nodes.
      Class space:        1.00 GB reserved,       3.19 MB ( <1%) committed,  1 nodes.
             Both:        1.03 GB reserved,      30.50 MB (  3%) committed. 

Chunk freelists:
   Non-Class:  272.00 KB
       Class:  784.00 KB
        Both:  1.03 MB

MaxMetaspaceSize: unlimited
CompressedClassSpaceSize: 1.00 GB
Initial GC threshold: 21.00 MB
Current GC threshold: 35.00 MB
CDS: off
MetaspaceReclaimPolicy: balanced
 - commit_granule_bytes: 65536.
 - commit_granule_words: 8192.
 - virtual_space_node_default_size: 1048576.
 - enlarge_chunks_in_place: 1.
 - new_chunks_are_fully_committed: 0.
 - uncommit_free_chunks: 1.
 - use_allocation_guard: 0.
 - handle_deallocations: 1.


Internal statistics:

num_allocs_failed_limit: 3.
num_arena_births: 206.
num_arena_deaths: 14.
num_vsnodes_births: 5.
num_vsnodes_deaths: 0.
num_space_committed: 488.
num_space_uncommitted: 0.
num_chunks_returned_to_freelist: 17.
num_chunks_taken_from_freelist: 1053.
num_chunk_merges: 7.
num_chunk_splits: 723.
num_chunks_enlarged: 522.
num_purges: 2.
num_inconsistent_stats: 0.

CodeHeap 'non-profiled nmethods': size=120000Kb used=1342Kb max_used=1342Kb free=118658Kb
 bounds [0x0000023b9d600000, 0x0000023b9d870000, 0x0000023ba4b30000]
CodeHeap 'profiled nmethods': size=120000Kb used=6517Kb max_used=6517Kb free=113482Kb
 bounds [0x0000023b960d0000, 0x0000023b96730000, 0x0000023b9d600000]
CodeHeap 'non-nmethods': size=5760Kb used=1241Kb max_used=1293Kb free=4518Kb
 bounds [0x0000023b95b30000, 0x0000023b95da0000, 0x0000023b960d0000]
 total_blobs=3717 nmethods=3162 adapters=469
 compilation: enabled
              stopped_count=0, restarted_count=0
 full_count=0

Compilation events (20 events):
Event: 15.222 Thread 0x0000023ba871a6e0 3165       3       java.util.Arrays::asList (9 bytes)
Event: 15.222 Thread 0x0000023ba871a6e0 nmethod 3165 0x0000023b96723790 code [0x0000023b96723960, 0x0000023b96723da8]
Event: 15.222 Thread 0x0000023ba871a6e0 3166       3       java.util.Arrays$ArrayList::<init> (16 bytes)
Event: 15.223 Thread 0x0000023ba871a6e0 nmethod 3166 0x0000023b96723f90 code [0x0000023b96724160, 0x0000023b96724508]
Event: 15.235 Thread 0x0000023ba871a6e0 3167       3       jdk.internal.org.objectweb.asm.SymbolTable::addConstantFieldref (10 bytes)
Event: 15.235 Thread 0x0000023ba871a6e0 nmethod 3167 0x0000023b96724690 code [0x0000023b96724820, 0x0000023b96724968]
Event: 15.239 Thread 0x0000023ba871a6e0 3168       3       java.lang.invoke.MethodType$ConcurrentWeakInternSet::add (66 bytes)
Event: 15.239 Thread 0x0000023ba871a6e0 nmethod 3168 0x0000023b96724a10 code [0x0000023b96724c60, 0x0000023b96725948]
Event: 15.244 Thread 0x0000023ba871a6e0 3169       3       java.util.Properties$LineReader::readLine (584 bytes)
Event: 15.246 Thread 0x0000023ba871a6e0 nmethod 3169 0x0000023b96725e10 code [0x0000023b967261e0, 0x0000023b96728cb8]
Event: 15.246 Thread 0x0000023ba871a6e0 3170       3       java.lang.invoke.MemberName::<init> (135 bytes)
Event: 15.247 Thread 0x0000023ba871a6e0 nmethod 3170 0x0000023b96729990 code [0x0000023b96729cc0, 0x0000023b9672aeb8]
Event: 15.247 Thread 0x0000023ba871a6e0 3171       1       java.util.ArrayList$ArrayListSpliterator::characteristics (4 bytes)
Event: 15.247 Thread 0x0000023ba871a6e0 nmethod 3171 0x0000023b9d74f510 code [0x0000023b9d74f6a0, 0x0000023b9d74f778]
Event: 15.251 Thread 0x0000023ba871a6e0 3174       2       java.lang.StringConcatHelper::simpleConcat (94 bytes)
Event: 15.252 Thread 0x0000023ba871a6e0 nmethod 3174 0x0000023b9672b410 code [0x0000023b9672b640, 0x0000023b9672bcb8]
Event: 15.253 Thread 0x0000023ba871a6e0 3175       3       jdk.internal.misc.VM::isSystemDomainLoader (17 bytes)
Event: 15.254 Thread 0x0000023ba871a6e0 nmethod 3175 0x0000023b9672c090 code [0x0000023b9672c2e0, 0x0000023b9672cdb8]
Event: 15.254 Thread 0x0000023ba871a6e0 3176       3       java.lang.invoke.DirectMethodHandle::internalMemberName (8 bytes)
Event: 15.254 Thread 0x0000023ba871a6e0 nmethod 3176 0x0000023b9672d110 code [0x0000023b9672d2a0, 0x0000023b9672d478]

GC Heap History (18 events):
Event: 3.529 GC heap before
{Heap before GC invocations=1 (full 0):
 PSYoungGen      total 29696K, used 25600K [0x00000000eab00000, 0x00000000ecc00000, 0x0000000100000000)
  eden space 25600K, 100% used [0x00000000eab00000,0x00000000ec400000,0x00000000ec400000)
  from space 4096K, 0% used [0x00000000ec800000,0x00000000ec800000,0x00000000ecc00000)
  to   space 4096K, 0% used [0x00000000ec400000,0x00000000ec400000,0x00000000ec800000)
 ParOldGen       total 68608K, used 0K [0x00000000c0000000, 0x00000000c4300000, 0x00000000eab00000)
  object space 68608K, 0% used [0x00000000c0000000,0x00000000c0000000,0x00000000c4300000)
 Metaspace       used 10794K, committed 10944K, reserved 1064960K
  class space    used 1083K, committed 1152K, reserved 1048576K
}
Event: 3.554 GC heap after
{Heap after GC invocations=1 (full 0):
 PSYoungGen      total 29696K, used 3288K [0x00000000eab00000, 0x00000000ecc00000, 0x0000000100000000)
  eden space 25600K, 0% used [0x00000000eab00000,0x00000000eab00000,0x00000000ec400000)
  from space 4096K, 80% used [0x00000000ec400000,0x00000000ec736218,0x00000000ec800000)
  to   space 4096K, 0% used [0x00000000ec800000,0x00000000ec800000,0x00000000ecc00000)
 ParOldGen       total 68608K, used 0K [0x00000000c0000000, 0x00000000c4300000, 0x00000000eab00000)
  object space 68608K, 0% used [0x00000000c0000000,0x00000000c0000000,0x00000000c4300000)
 Metaspace       used 10794K, committed 10944K, reserved 1064960K
  class space    used 1083K, committed 1152K, reserved 1048576K
}
Event: 5.647 GC heap before
{Heap before GC invocations=2 (full 0):
 PSYoungGen      total 29696K, used 28888K [0x00000000eab00000, 0x00000000ecc00000, 0x0000000100000000)
  eden space 25600K, 100% used [0x00000000eab00000,0x00000000ec400000,0x00000000ec400000)
  from space 4096K, 80% used [0x00000000ec400000,0x00000000ec736218,0x00000000ec800000)
  to   space 4096K, 0% used [0x00000000ec800000,0x00000000ec800000,0x00000000ecc00000)
 ParOldGen       total 68608K, used 0K [0x00000000c0000000, 0x00000000c4300000, 0x00000000eab00000)
  object space 68608K, 0% used [0x00000000c0000000,0x00000000c0000000,0x00000000c4300000)
 Metaspace       used 14726K, committed 15040K, reserved 1064960K
  class space    used 1497K, committed 1664K, reserved 1048576K
}
Event: 5.653 GC heap after
{Heap after GC invocations=2 (full 0):
 PSYoungGen      total 29696K, used 4093K [0x00000000eab00000, 0x00000000ecc00000, 0x0000000100000000)
  eden space 25600K, 0% used [0x00000000eab00000,0x00000000eab00000,0x00000000ec400000)
  from space 4096K, 99% used [0x00000000ec800000,0x00000000ecbff718,0x00000000ecc00000)
  to   space 4096K, 0% used [0x00000000ec400000,0x00000000ec400000,0x00000000ec800000)
 ParOldGen       total 68608K, used 1446K [0x00000000c0000000, 0x00000000c4300000, 0x00000000eab00000)
  object space 68608K, 2% used [0x00000000c0000000,0x00000000c0169b70,0x00000000c4300000)
 Metaspace       used 14726K, committed 15040K, reserved 1064960K
  class space    used 1497K, committed 1664K, reserved 1048576K
}
Event: 7.856 GC heap before
{Heap before GC invocations=3 (full 0):
 PSYoungGen      total 29696K, used 29693K [0x00000000eab00000, 0x00000000ecc00000, 0x0000000100000000)
  eden space 25600K, 100% used [0x00000000eab00000,0x00000000ec400000,0x00000000ec400000)
  from space 4096K, 99% used [0x00000000ec800000,0x00000000ecbff718,0x00000000ecc00000)
  to   space 4096K, 0% used [0x00000000ec400000,0x00000000ec400000,0x00000000ec800000)
 ParOldGen       total 68608K, used 1446K [0x00000000c0000000, 0x00000000c4300000, 0x00000000eab00000)
  object space 68608K, 2% used [0x00000000c0000000,0x00000000c0169b70,0x00000000c4300000)
 Metaspace       used 19581K, committed 19968K, reserved 1073152K
  class space    used 1985K, committed 2112K, reserved 1048576K
}
Event: 7.862 GC heap after
{Heap after GC invocations=3 (full 0):
 PSYoungGen      total 29696K, used 4064K [0x00000000eab00000, 0x00000000ecc00000, 0x0000000100000000)
  eden space 25600K, 0% used [0x00000000eab00000,0x00000000eab00000,0x00000000ec400000)
  from space 4096K, 99% used [0x00000000ec400000,0x00000000ec7f81e8,0x00000000ec800000)
  to   space 4096K, 0% used [0x00000000ec800000,0x00000000ec800000,0x00000000ecc00000)
 ParOldGen       total 68608K, used 3854K [0x00000000c0000000, 0x00000000c4300000, 0x00000000eab00000)
  object space 68608K, 5% used [0x00000000c0000000,0x00000000c03c3938,0x00000000c4300000)
 Metaspace       used 19581K, committed 19968K, reserved 1073152K
  class space    used 1985K, committed 2112K, reserved 1048576K
}
Event: 11.756 GC heap before
{Heap before GC invocations=4 (full 0):
 PSYoungGen      total 29696K, used 29664K [0x00000000eab00000, 0x00000000ecc00000, 0x0000000100000000)
  eden space 25600K, 100% used [0x00000000eab00000,0x00000000ec400000,0x00000000ec400000)
  from space 4096K, 99% used [0x00000000ec400000,0x00000000ec7f81e8,0x00000000ec800000)
  to   space 4096K, 0% used [0x00000000ec800000,0x00000000ec800000,0x00000000ecc00000)
 ParOldGen       total 68608K, used 3854K [0x00000000c0000000, 0x00000000c4300000, 0x00000000eab00000)
  object space 68608K, 5% used [0x00000000c0000000,0x00000000c03c3938,0x00000000c4300000)
 Metaspace       used 20900K, committed 21440K, reserved 1073152K
  class space    used 2122K, committed 2368K, reserved 1048576K
}
Event: 11.770 GC heap after
{Heap after GC invocations=4 (full 0):
 PSYoungGen      total 29696K, used 4072K [0x00000000eab00000, 0x00000000ecc00000, 0x0000000100000000)
  eden space 25600K, 0% used [0x00000000eab00000,0x00000000eab00000,0x00000000ec400000)
  from space 4096K, 99% used [0x00000000ec800000,0x00000000ecbfa398,0x00000000ecc00000)
  to   space 4096K, 0% used [0x00000000ec400000,0x00000000ec400000,0x00000000ec800000)
 ParOldGen       total 68608K, used 15570K [0x00000000c0000000, 0x00000000c4300000, 0x00000000eab00000)
  object space 68608K, 22% used [0x00000000c0000000,0x00000000c0f349a8,0x00000000c4300000)
 Metaspace       used 20900K, committed 21440K, reserved 1073152K
  class space    used 2122K, committed 2368K, reserved 1048576K
}
Event: 12.075 GC heap before
{Heap before GC invocations=5 (full 0):
 PSYoungGen      total 29696K, used 5930K [0x00000000eab00000, 0x00000000ecc00000, 0x0000000100000000)
  eden space 25600K, 7% used [0x00000000eab00000,0x00000000eacd0620,0x00000000ec400000)
  from space 4096K, 99% used [0x00000000ec800000,0x00000000ecbfa398,0x00000000ecc00000)
  to   space 4096K, 0% used [0x00000000ec400000,0x00000000ec400000,0x00000000ec800000)
 ParOldGen       total 68608K, used 15570K [0x00000000c0000000, 0x00000000c4300000, 0x00000000eab00000)
  object space 68608K, 22% used [0x00000000c0000000,0x00000000c0f349a8,0x00000000c4300000)
 Metaspace       used 21035K, committed 21504K, reserved 1073152K
  class space    used 2123K, committed 2368K, reserved 1048576K
}
Event: 12.081 GC heap after
{Heap after GC invocations=5 (full 0):
 PSYoungGen      total 29696K, used 4082K [0x00000000eab00000, 0x00000000ed500000, 0x0000000100000000)
  eden space 25600K, 0% used [0x00000000eab00000,0x00000000eab00000,0x00000000ec400000)
  from space 4096K, 99% used [0x00000000ec400000,0x00000000ec7fcb58,0x00000000ec800000)
  to   space 8704K, 0% used [0x00000000ecc80000,0x00000000ecc80000,0x00000000ed500000)
 ParOldGen       total 68608K, used 15634K [0x00000000c0000000, 0x00000000c4300000, 0x00000000eab00000)
  object space 68608K, 22% used [0x00000000c0000000,0x00000000c0f449a8,0x00000000c4300000)
 Metaspace       used 21035K, committed 21504K, reserved 1073152K
  class space    used 2123K, committed 2368K, reserved 1048576K
}
Event: 12.081 GC heap before
{Heap before GC invocations=6 (full 1):
 PSYoungGen      total 29696K, used 4082K [0x00000000eab00000, 0x00000000ed500000, 0x0000000100000000)
  eden space 25600K, 0% used [0x00000000eab00000,0x00000000eab00000,0x00000000ec400000)
  from space 4096K, 99% used [0x00000000ec400000,0x00000000ec7fcb58,0x00000000ec800000)
  to   space 8704K, 0% used [0x00000000ecc80000,0x00000000ecc80000,0x00000000ed500000)
 ParOldGen       total 68608K, used 15634K [0x00000000c0000000, 0x00000000c4300000, 0x00000000eab00000)
  object space 68608K, 22% used [0x00000000c0000000,0x00000000c0f449a8,0x00000000c4300000)
 Metaspace       used 21035K, committed 21504K, reserved 1073152K
  class space    used 2123K, committed 2368K, reserved 1048576K
}
Event: 12.133 GC heap after
{Heap after GC invocations=6 (full 1):
 PSYoungGen      total 29696K, used 0K [0x00000000eab00000, 0x00000000ed500000, 0x0000000100000000)
  eden space 25600K, 0% used [0x00000000eab00000,0x00000000eab00000,0x00000000ec400000)
  from space 4096K, 0% used [0x00000000ec400000,0x00000000ec400000,0x00000000ec800000)
  to   space 8704K, 0% used [0x00000000ecc80000,0x00000000ecc80000,0x00000000ed500000)
 ParOldGen       total 68608K, used 19399K [0x00000000c0000000, 0x00000000c4300000, 0x00000000eab00000)
  object space 68608K, 28% used [0x00000000c0000000,0x00000000c12f1dd8,0x00000000c4300000)
 Metaspace       used 21022K, committed 21504K, reserved 1073152K
  class space    used 2119K, committed 2368K, reserved 1048576K
}
Event: 13.268 GC heap before
{Heap before GC invocations=7 (full 1):
 PSYoungGen      total 29696K, used 25571K [0x00000000eab00000, 0x00000000ed500000, 0x0000000100000000)
  eden space 25600K, 99% used [0x00000000eab00000,0x00000000ec3f8fe8,0x00000000ec400000)
  from space 4096K, 0% used [0x00000000ec400000,0x00000000ec400000,0x00000000ec800000)
  to   space 8704K, 0% used [0x00000000ecc80000,0x00000000ecc80000,0x00000000ed500000)
 ParOldGen       total 68608K, used 19399K [0x00000000c0000000, 0x00000000c4300000, 0x00000000eab00000)
  object space 68608K, 28% used [0x00000000c0000000,0x00000000c12f1dd8,0x00000000c4300000)
 Metaspace       used 24561K, committed 25088K, reserved 1073152K
  class space    used 2500K, committed 2752K, reserved 1048576K
}
Event: 13.270 GC heap after
{Heap after GC invocations=7 (full 1):
 PSYoungGen      total 27136K, used 1791K [0x00000000eab00000, 0x00000000ece80000, 0x0000000100000000)
  eden space 25088K, 0% used [0x00000000eab00000,0x00000000eab00000,0x00000000ec380000)
  from space 2048K, 87% used [0x00000000ecc80000,0x00000000ece3ffc8,0x00000000ece80000)
  to   space 3584K, 0% used [0x00000000ec780000,0x00000000ec780000,0x00000000ecb00000)
 ParOldGen       total 68608K, used 19407K [0x00000000c0000000, 0x00000000c4300000, 0x00000000eab00000)
  object space 68608K, 28% used [0x00000000c0000000,0x00000000c12f3dd8,0x00000000c4300000)
 Metaspace       used 24561K, committed 25088K, reserved 1073152K
  class space    used 2500K, committed 2752K, reserved 1048576K
}
Event: 13.775 GC heap before
{Heap before GC invocations=8 (full 1):
 PSYoungGen      total 27136K, used 26879K [0x00000000eab00000, 0x00000000ece80000, 0x0000000100000000)
  eden space 25088K, 100% used [0x00000000eab00000,0x00000000ec380000,0x00000000ec380000)
  from space 2048K, 87% used [0x00000000ecc80000,0x00000000ece3ffc8,0x00000000ece80000)
  to   space 3584K, 0% used [0x00000000ec780000,0x00000000ec780000,0x00000000ecb00000)
 ParOldGen       total 68608K, used 19407K [0x00000000c0000000, 0x00000000c4300000, 0x00000000eab00000)
  object space 68608K, 28% used [0x00000000c0000000,0x00000000c12f3dd8,0x00000000c4300000)
 Metaspace       used 27288K, committed 27840K, reserved 1081344K
  class space    used 2674K, committed 2944K, reserved 1048576K
}
Event: 13.778 GC heap after
{Heap after GC invocations=8 (full 1):
 PSYoungGen      total 27648K, used 2607K [0x00000000eab00000, 0x00000000ecd00000, 0x0000000100000000)
  eden space 24576K, 0% used [0x00000000eab00000,0x00000000eab00000,0x00000000ec300000)
  from space 3072K, 84% used [0x00000000ec780000,0x00000000eca0bc78,0x00000000eca80000)
  to   space 2560K, 0% used [0x00000000eca80000,0x00000000eca80000,0x00000000ecd00000)
 ParOldGen       total 68608K, used 19415K [0x00000000c0000000, 0x00000000c4300000, 0x00000000eab00000)
  object space 68608K, 28% used [0x00000000c0000000,0x00000000c12f5dd8,0x00000000c4300000)
 Metaspace       used 27288K, committed 27840K, reserved 1081344K
  class space    used 2674K, committed 2944K, reserved 1048576K
}
Event: 15.008 GC heap before
{Heap before GC invocations=9 (full 1):
 PSYoungGen      total 27648K, used 27183K [0x00000000eab00000, 0x00000000ecd00000, 0x0000000100000000)
  eden space 24576K, 100% used [0x00000000eab00000,0x00000000ec300000,0x00000000ec300000)
  from space 3072K, 84% used [0x00000000ec780000,0x00000000eca0bc78,0x00000000eca80000)
  to   space 2560K, 0% used [0x00000000eca80000,0x00000000eca80000,0x00000000ecd00000)
 ParOldGen       total 68608K, used 19415K [0x00000000c0000000, 0x00000000c4300000, 0x00000000eab00000)
  object space 68608K, 28% used [0x00000000c0000000,0x00000000c12f5dd8,0x00000000c4300000)
 Metaspace       used 29473K, committed 30080K, reserved 1081344K
  class space    used 2849K, committed 3136K, reserved 1048576K
}
Event: 15.011 GC heap after
{Heap after GC invocations=9 (full 1):
 PSYoungGen      total 26624K, used 2543K [0x00000000eab00000, 0x00000000ecd00000, 0x0000000100000000)
  eden space 24064K, 0% used [0x00000000eab00000,0x00000000eab00000,0x00000000ec280000)
  from space 2560K, 99% used [0x00000000eca80000,0x00000000eccfbd98,0x00000000ecd00000)
  to   space 3584K, 0% used [0x00000000ec600000,0x00000000ec600000,0x00000000ec980000)
 ParOldGen       total 68608K, used 19871K [0x00000000c0000000, 0x00000000c4300000, 0x00000000eab00000)
  object space 68608K, 28% used [0x00000000c0000000,0x00000000c1367dd8,0x00000000c4300000)
 Metaspace       used 29473K, committed 30080K, reserved 1081344K
  class space    used 2849K, committed 3136K, reserved 1048576K
}

Deoptimization events (20 events):
Event: 13.430 Thread 0x0000023ba8e24750 DEOPT PACKING pc=0x0000023b9654dfce sp=0x00000050872f8eb0
Event: 13.430 Thread 0x0000023ba8e24750 DEOPT UNPACKING pc=0x0000023b95b82843 sp=0x00000050872f83c0 mode 0
Event: 13.977 Thread 0x0000023ba9e1e080 Uncommon trap: trap_request=0xffffff45 fr.pc=0x0000023b9d73104c relative=0x000000000000004c
Event: 13.977 Thread 0x0000023ba9e1e080 Uncommon trap: reason=unstable_if action=reinterpret pc=0x0000023b9d73104c method=sun.nio.fs.WindowsPath.addPrefixIfNeeded(Ljava/lang/String;)Ljava/lang/String; @ 7 c2
Event: 13.977 Thread 0x0000023ba9e1e080 DEOPT PACKING pc=0x0000023b9d73104c sp=0x00000050876fe4c0
Event: 13.977 Thread 0x0000023ba9e1e080 DEOPT UNPACKING pc=0x0000023b95b820a3 sp=0x00000050876fe450 mode 2
Event: 14.662 Thread 0x0000023ba9e1e080 DEOPT PACKING pc=0x0000023b96132709 sp=0x00000050876fe180
Event: 14.662 Thread 0x0000023ba9e1e080 DEOPT UNPACKING pc=0x0000023b95b82843 sp=0x00000050876fd678 mode 0
Event: 15.206 Thread 0x0000023ba8e24750 Uncommon trap: trap_request=0xffffff45 fr.pc=0x0000023b9d6c32b8 relative=0x0000000000000ef8
Event: 15.206 Thread 0x0000023ba8e24750 Uncommon trap: reason=unstable_if action=reinterpret pc=0x0000023b9d6c32b8 method=java.util.Properties.loadConvert([CIILjava/lang/StringBuilder;)Ljava/lang/String; @ 463 c2
Event: 15.206 Thread 0x0000023ba8e24750 DEOPT PACKING pc=0x0000023b9d6c32b8 sp=0x00000050872f7b00
Event: 15.206 Thread 0x0000023ba8e24750 DEOPT UNPACKING pc=0x0000023b95b820a3 sp=0x00000050872f7af0 mode 2
Event: 15.228 Thread 0x0000023ba8e24750 Uncommon trap: trap_request=0xffffff45 fr.pc=0x0000023b9d6f1c7c relative=0x000000000000007c
Event: 15.228 Thread 0x0000023ba8e24750 Uncommon trap: reason=unstable_if action=reinterpret pc=0x0000023b9d6f1c7c method=com.sun.org.apache.xerces.internal.impl.XMLEntityScanner.checkBeforeLoad(Lcom/sun/xml/internal/stream/Entity$ScannedEntity;II)I @ 18 c2
Event: 15.228 Thread 0x0000023ba8e24750 DEOPT PACKING pc=0x0000023b9d6f1c7c sp=0x00000050872f9200
Event: 15.228 Thread 0x0000023ba8e24750 DEOPT UNPACKING pc=0x0000023b95b820a3 sp=0x00000050872f9190 mode 2
Event: 15.244 Thread 0x0000023baa467680 Uncommon trap: trap_request=0xffffff45 fr.pc=0x0000023b9d6cadcc relative=0x0000000000000e4c
Event: 15.244 Thread 0x0000023baa467680 Uncommon trap: reason=unstable_if action=reinterpret pc=0x0000023b9d6cadcc method=java.util.Properties$LineReader.readLine()I @ 256 c2
Event: 15.244 Thread 0x0000023baa467680 DEOPT PACKING pc=0x0000023b9d6cadcc sp=0x00000050874fde90
Event: 15.244 Thread 0x0000023baa467680 DEOPT UNPACKING pc=0x0000023b95b820a3 sp=0x00000050874fde28 mode 2

Classes unloaded (7 events):
Event: 12.093 Thread 0x0000023ba6befdd0 Unloading class 0x000000010020e400 'java/lang/invoke/LambdaForm$MH+0x000000010020e400'
Event: 12.093 Thread 0x0000023ba6befdd0 Unloading class 0x000000010020e000 'java/lang/invoke/LambdaForm$MH+0x000000010020e000'
Event: 12.093 Thread 0x0000023ba6befdd0 Unloading class 0x000000010020dc00 'java/lang/invoke/LambdaForm$MH+0x000000010020dc00'
Event: 12.093 Thread 0x0000023ba6befdd0 Unloading class 0x000000010020d800 'java/lang/invoke/LambdaForm$MH+0x000000010020d800'
Event: 12.093 Thread 0x0000023ba6befdd0 Unloading class 0x000000010020d000 'java/lang/invoke/LambdaForm$BMH+0x000000010020d000'
Event: 12.093 Thread 0x0000023ba6befdd0 Unloading class 0x000000010020cc00 'java/lang/invoke/LambdaForm$DMH+0x000000010020cc00'
Event: 12.093 Thread 0x0000023ba6befdd0 Unloading class 0x0000000100208400 'java/lang/invoke/LambdaForm$DMH+0x0000000100208400'

Classes redefined (0 events):
No events

Internal exceptions (20 events):
Event: 6.576 Thread 0x0000023ba8e24750 Exception <a 'java/lang/NullPointerException'{0x00000000eb391230}> (0x00000000eb391230) 
thrown [s\src\hotspot\share\interpreter\linkResolver.cpp, line 1350]
Event: 6.859 Thread 0x0000023ba8e24750 Exception <a 'java/lang/NoSuchMethodError'{0x00000000eb774990}: 'int java.lang.invoke.DirectMethodHandle$Holder.invokeSpecial(java.lang.Object, java.lang.Object, java.lang.Object)'> (0x00000000eb774990) 
thrown [s\src\hotspot\share\interpreter\linkResolver.cpp, line 759]
Event: 7.174 Thread 0x0000023ba8e24750 Exception <a 'java/lang/NoSuchMethodError'{0x00000000ebf0d060}: 'void java.lang.invoke.DirectMethodHandle$Holder.invokeInterface(java.lang.Object, java.lang.Object, java.lang.Object)'> (0x00000000ebf0d060) 
thrown [s\src\hotspot\share\interpreter\linkResolver.cpp, line 759]
Event: 7.467 Thread 0x0000023ba8e24750 Exception <a 'java/lang/NoSuchMethodError'{0x00000000ec21dbb8}: 'java.lang.Object java.lang.invoke.Invokers$Holder.invokeExact_MT(java.lang.Object, java.lang.Object, java.lang.Object, java.lang.Object, java.lang.Object, java.lang.Object)'> (0x00000000ec21dbb8) 
thrown [s\src\hotspot\share\interpreter\linkResolver.cpp, line 759]
Event: 7.657 Thread 0x0000023ba8e24750 Exception <a 'java/lang/NoSuchMethodError'{0x00000000ec2ffcb0}: 'java.lang.Object java.lang.invoke.DirectMethodHandle$Holder.invokeStatic(java.lang.Object, java.lang.Object, int)'> (0x00000000ec2ffcb0) 
thrown [s\src\hotspot\share\interpreter\linkResolver.cpp, line 759]
Event: 7.658 Thread 0x0000023ba8e24750 Exception <a 'java/lang/NoSuchMethodError'{0x00000000ec304c30}: 'void java.lang.invoke.DirectMethodHandle$Holder.invokeStatic(java.lang.Object, java.lang.Object, int, java.lang.Object)'> (0x00000000ec304c30) 
thrown [s\src\hotspot\share\interpreter\linkResolver.cpp, line 759]
Event: 7.660 Thread 0x0000023ba8e24750 Exception <a 'java/lang/NoSuchMethodError'{0x00000000ec30c360}: 'void java.lang.invoke.DelegatingMethodHandle$Holder.delegate(java.lang.Object, java.lang.Object, int, java.lang.Object)'> (0x00000000ec30c360) 
thrown [s\src\hotspot\share\interpreter\linkResolver.cpp, line 759]
Event: 7.661 Thread 0x0000023ba8e24750 Exception <a 'java/lang/NoSuchMethodError'{0x00000000ec31d090}: 'int java.lang.invoke.DirectMethodHandle$Holder.invokeStatic(java.lang.Object, java.lang.Object, int)'> (0x00000000ec31d090) 
thrown [s\src\hotspot\share\interpreter\linkResolver.cpp, line 759]
Event: 7.662 Thread 0x0000023ba8e24750 Exception <a 'java/lang/NoSuchMethodError'{0x00000000ec3210b8}: 'int java.lang.invoke.DirectMethodHandle$Holder.invokeSpecial(java.lang.Object, java.lang.Object, java.lang.Object, int)'> (0x00000000ec3210b8) 
thrown [s\src\hotspot\share\interpreter\linkResolver.cpp, line 759]
Event: 7.664 Thread 0x0000023ba8e24750 Exception <a 'java/lang/NoSuchMethodError'{0x00000000ec33bb38}: 'java.lang.Object java.lang.invoke.DirectMethodHandle$Holder.invokeStatic(java.lang.Object, java.lang.Object, java.lang.Object, java.lang.Object, int)'> (0x00000000ec33bb38) 
thrown [s\src\hotspot\share\interpreter\linkResolver.cpp, line 759]
Event: 7.665 Thread 0x0000023ba8e24750 Exception <a 'java/lang/NoSuchMethodError'{0x00000000ec347d70}: 'java.lang.Object java.lang.invoke.DelegatingMethodHandle$Holder.reinvoke_L(java.lang.Object, java.lang.Object, java.lang.Object, java.lang.Object, int, int)'> (0x00000000ec347d70) 
thrown [s\src\hotspot\share\interpreter\linkResolver.cpp, line 759]
Event: 7.667 Thread 0x0000023ba8e24750 Exception <a 'java/lang/NoSuchMethodError'{0x00000000ec35fa58}: 'java.lang.Object java.lang.invoke.Invokers$Holder.invokeExact_MT(java.lang.Object, java.lang.Object, java.lang.Object, java.lang.Object)'> (0x00000000ec35fa58) 
thrown [s\src\hotspot\share\interpreter\linkResolver.cpp, line 759]
Event: 12.504 Thread 0x0000023ba8e24750 Exception <a 'java/lang/NoSuchMethodError'{0x00000000eae86a80}: 'int java.lang.invoke.DirectMethodHandle$Holder.invokeStaticInit(java.lang.Object, java.lang.Object, java.lang.Object)'> (0x00000000eae86a80) 
thrown [s\src\hotspot\share\interpreter\linkResolver.cpp, line 759]
Event: 12.510 Thread 0x0000023ba8e24750 Exception <a 'java/lang/IncompatibleClassChangeError'{0x00000000eaeed5e0}: Found class java.lang.Object, but interface was expected> (0x00000000eaeed5e0) 
thrown [s\src\hotspot\share\interpreter\linkResolver.cpp, line 826]
Event: 12.840 Thread 0x0000023ba8e24750 Exception <a 'java/io/FileNotFoundException'{0x00000000eb6bc3d0}> (0x00000000eb6bc3d0) 
thrown [s\src\hotspot\share\prims\jni.cpp, line 516]
Event: 13.030 Thread 0x0000023ba8e24750 Exception <a 'java/lang/NoSuchMethodError'{0x00000000ebb20f40}: 'void java.lang.invoke.DirectMethodHandle$Holder.invokeSpecial(java.lang.Object, java.lang.Object, java.lang.Object, int)'> (0x00000000ebb20f40) 
thrown [s\src\hotspot\share\interpreter\linkResolver.cpp, line 759]
Event: 13.103 Thread 0x0000023ba9e1e080 Exception <a 'java/lang/NoSuchMethodError'{0x00000000eb0533f8}: 'int java.lang.invoke.DirectMethodHandle$Holder.invokeVirtual(java.lang.Object, java.lang.Object)'> (0x00000000eb0533f8) 
thrown [s\src\hotspot\share\interpreter\linkResolver.cpp, line 759]
Event: 13.103 Thread 0x0000023baa467680 Exception <a 'java/io/FileNotFoundException'{0x00000000eaf8ba78}> (0x00000000eaf8ba78) 
thrown [s\src\hotspot\share\prims\jni.cpp, line 516]
Event: 14.553 Thread 0x0000023ba8c95560 Exception <a 'java/lang/NoSuchMethodError'{0x00000000eb66c230}: 'java.lang.Object java.lang.invoke.DirectMethodHandle$Holder.newInvokeSpecial(java.lang.Object, java.lang.Object, java.lang.Object, java.lang.Object, java.lang.Object)'> (0x00000000eb66c230) 
thrown [s\src\hotspot\share\interpreter\linkResolver.cpp, line 759]
Event: 15.232 Thread 0x0000023ba8e24750 Exception <a 'java/lang/ClassNotFoundException'{0x00000000eaf57968}: com/sun/org/apache/xerces/internal/impl/msg/spi/DOMMessagesProvider> (0x00000000eaf57968) 
thrown [s\src\hotspot\share\classfile\systemDictionary.cpp, line 256]

VM Operations (20 events):
Event: 12.075 Executing VM operation: CollectForMetadataAllocation
Event: 12.142 Executing VM operation: CollectForMetadataAllocation done
Event: 12.473 Executing VM operation: HandshakeAllThreads
Event: 12.473 Executing VM operation: HandshakeAllThreads done
Event: 12.570 Executing VM operation: HandshakeAllThreads
Event: 12.605 Executing VM operation: HandshakeAllThreads done
Event: 12.874 Executing VM operation: HandshakeAllThreads
Event: 12.874 Executing VM operation: HandshakeAllThreads done
Event: 13.024 Executing VM operation: HandshakeAllThreads
Event: 13.024 Executing VM operation: HandshakeAllThreads done
Event: 13.025 Executing VM operation: HandshakeAllThreads
Event: 13.025 Executing VM operation: HandshakeAllThreads done
Event: 13.250 Executing VM operation: ParallelGCFailedAllocation
Event: 13.270 Executing VM operation: ParallelGCFailedAllocation done
Event: 13.775 Executing VM operation: ParallelGCFailedAllocation
Event: 13.778 Executing VM operation: ParallelGCFailedAllocation done
Event: 14.595 Executing VM operation: HandshakeAllThreads
Event: 14.767 Executing VM operation: HandshakeAllThreads done
Event: 15.008 Executing VM operation: ParallelGCFailedAllocation
Event: 15.012 Executing VM operation: ParallelGCFailedAllocation done

Events (20 events):
Event: 15.245 loading class java/util/stream/Stream$Builder done
Event: 15.245 loading class java/util/stream/Streams$AbstractStreamBuilderImpl
Event: 15.246 loading class java/util/stream/Streams$AbstractStreamBuilderImpl done
Event: 15.246 loading class java/util/stream/Streams$StreamBuilderImpl done
Event: 15.246 loading class java/util/stream/Streams
Event: 15.246 loading class java/util/stream/Streams done
Event: 15.246 loading class java/util/IdentityHashMap$Values
Event: 15.246 loading class java/util/IdentityHashMap$Values done
Event: 15.247 loading class jdk/internal/logger/LoggerFinderLoader
Event: 15.247 loading class jdk/internal/logger/LoggerFinderLoader done
Event: 15.247 loading class jdk/internal/logger/BootstrapLogger$BootstrapExecutors
Event: 15.248 loading class jdk/internal/logger/BootstrapLogger$BootstrapExecutors done
Event: 15.252 loading class java/util/logging/LogManager$4
Event: 15.252 loading class java/util/logging/LogManager$4 done
Event: 15.252 loading class sun/util/logging/internal/LoggingProviderImpl$JULWrapper
Event: 15.252 loading class sun/util/logging/internal/LoggingProviderImpl$JULWrapper done
Event: 15.252 loading class java/util/logging/Logger$SystemLoggerHelper
Event: 15.253 loading class java/util/logging/Logger$SystemLoggerHelper done
Event: 15.253 loading class java/util/logging/Logger$SystemLoggerHelper$1
Event: 15.253 loading class java/util/logging/Logger$SystemLoggerHelper$1 done


Dynamic libraries:
0x00007ff68d5a0000 - 0x00007ff68d5ae000 	c:\Users\user\.antigravity\extensions\redhat.java-1.12.0-win32-x64\jre\17.0.4.1-win32-x86_64\bin\java.exe
0x00007ffd8b230000 - 0x00007ffd8b447000 	C:\Windows\SYSTEM32\ntdll.dll
0x00007ffd89090000 - 0x00007ffd89154000 	C:\Windows\System32\KERNEL32.DLL
0x00007ffd888c0000 - 0x00007ffd88c77000 	C:\Windows\System32\KERNELBASE.dll
0x00007ffd88e10000 - 0x00007ffd88f21000 	C:\Windows\System32\ucrtbase.dll
0x00007ffd74310000 - 0x00007ffd74328000 	c:\Users\user\.antigravity\extensions\redhat.java-1.12.0-win32-x64\jre\17.0.4.1-win32-x86_64\bin\jli.dll
0x00007ffd89210000 - 0x00007ffd893bf000 	C:\Windows\System32\USER32.dll
0x00007ffd88f30000 - 0x00007ffd88f56000 	C:\Windows\System32\win32u.dll
0x00007ffd89060000 - 0x00007ffd89089000 	C:\Windows\System32\GDI32.dll
0x00007ffd88cf0000 - 0x00007ffd88e08000 	C:\Windows\System32\gdi32full.dll
0x00007ffd88570000 - 0x00007ffd8860a000 	C:\Windows\System32\msvcp_win.dll
0x00007ffd72ab0000 - 0x00007ffd72ac9000 	c:\Users\user\.antigravity\extensions\redhat.java-1.12.0-win32-x64\jre\17.0.4.1-win32-x86_64\bin\VCRUNTIME140.dll
0x00007ffd87780000 - 0x00007ffd87a13000 	C:\Windows\WinSxS\amd64_microsoft.windows.common-controls_6595b64144ccf1df_6.0.22621.3672_none_2713b9d173822955\COMCTL32.dll
0x00007ffd8ac30000 - 0x00007ffd8acd7000 	C:\Windows\System32\msvcrt.dll
0x00007ffd8af10000 - 0x00007ffd8af41000 	C:\Windows\System32\IMM32.DLL
0x00007ffd80030000 - 0x00007ffd8003c000 	c:\Users\user\.antigravity\extensions\redhat.java-1.12.0-win32-x64\jre\17.0.4.1-win32-x86_64\bin\vcruntime140_1.dll
0x00007ffd2f6b0000 - 0x00007ffd2f741000 	c:\Users\user\.antigravity\extensions\redhat.java-1.12.0-win32-x64\jre\17.0.4.1-win32-x86_64\bin\msvcp140.dll
0x00007ffd0f220000 - 0x00007ffd0fe66000 	c:\Users\user\.antigravity\extensions\redhat.java-1.12.0-win32-x64\jre\17.0.4.1-win32-x86_64\bin\server\jvm.dll
0x00007ffd8af50000 - 0x00007ffd8b002000 	C:\Windows\System32\ADVAPI32.dll
0x00007ffd89160000 - 0x00007ffd89208000 	C:\Windows\System32\sechost.dll
0x00007ffd88540000 - 0x00007ffd88568000 	C:\Windows\System32\bcrypt.dll
0x00007ffd8ad50000 - 0x00007ffd8ae64000 	C:\Windows\System32\RPCRT4.dll
0x00007ffd8ad40000 - 0x00007ffd8ad48000 	C:\Windows\System32\PSAPI.DLL
0x00007ffd6fd50000 - 0x00007ffd6fd59000 	C:\Windows\SYSTEM32\WSOCK32.dll
0x00007ffd8a8f0000 - 0x00007ffd8a961000 	C:\Windows\System32\WS2_32.dll
0x00007ffd7fef0000 - 0x00007ffd7ff24000 	C:\Windows\SYSTEM32\WINMM.dll
0x00007ffd84940000 - 0x00007ffd8494a000 	C:\Windows\SYSTEM32\VERSION.dll
0x00007ffd866c0000 - 0x00007ffd866d8000 	C:\Windows\SYSTEM32\kernel.appcore.dll
0x00007ffd76c70000 - 0x00007ffd76c7a000 	c:\Users\user\.antigravity\extensions\redhat.java-1.12.0-win32-x64\jre\17.0.4.1-win32-x86_64\bin\jimage.dll
0x00007ffd87ea0000 - 0x00007ffd880d2000 	C:\Windows\SYSTEM32\DBGHELP.DLL
0x00007ffd893c0000 - 0x00007ffd8974e000 	C:\Windows\System32\combase.dll
0x00007ffd8a7b0000 - 0x00007ffd8a887000 	C:\Windows\System32\OLEAUT32.dll
0x00007ffd87d40000 - 0x00007ffd87d72000 	C:\Windows\SYSTEM32\dbgcore.DLL
0x00007ffd88610000 - 0x00007ffd8868b000 	C:\Windows\System32\bcryptPrimitives.dll
0x00007ffd80040000 - 0x00007ffd8004e000 	c:\Users\user\.antigravity\extensions\redhat.java-1.12.0-win32-x64\jre\17.0.4.1-win32-x86_64\bin\instrument.dll
0x00007ffd77170000 - 0x00007ffd77195000 	c:\Users\user\.antigravity\extensions\redhat.java-1.12.0-win32-x64\jre\17.0.4.1-win32-x86_64\bin\java.dll
0x00007ffd64930000 - 0x00007ffd64948000 	c:\Users\user\.antigravity\extensions\redhat.java-1.12.0-win32-x64\jre\17.0.4.1-win32-x86_64\bin\zip.dll
0x00007ffd89e20000 - 0x00007ffd8a689000 	C:\Windows\System32\SHELL32.dll
0x00007ffd85550000 - 0x00007ffd85e4f000 	C:\Windows\SYSTEM32\windows.storage.dll
0x00007ffd85410000 - 0x00007ffd8554f000 	C:\Windows\SYSTEM32\wintypes.dll
0x00007ffd8ab30000 - 0x00007ffd8ac29000 	C:\Windows\System32\SHCORE.dll
0x00007ffd8a750000 - 0x00007ffd8a7ae000 	C:\Windows\System32\shlwapi.dll
0x00007ffd88470000 - 0x00007ffd88497000 	C:\Windows\SYSTEM32\profapi.dll
0x00007ffd5c980000 - 0x00007ffd5c999000 	C:\Users\user\.antigravity\extensions\redhat.java-1.12.0-win32-x64\jre\17.0.4.1-win32-x86_64\bin\net.dll
0x00007ffd831b0000 - 0x00007ffd832e6000 	C:\Windows\SYSTEM32\WINHTTP.dll
0x00007ffd86b60000 - 0x00007ffd86bc9000 	C:\Windows\system32\mswsock.dll
0x00007ffd5c960000 - 0x00007ffd5c975000 	C:\Users\user\.antigravity\extensions\redhat.java-1.12.0-win32-x64\jre\17.0.4.1-win32-x86_64\bin\nio.dll
0x00007ffd73b60000 - 0x00007ffd73b70000 	c:\Users\user\.antigravity\extensions\redhat.java-1.12.0-win32-x64\jre\17.0.4.1-win32-x86_64\bin\verify.dll
0x00007ffd5b5d0000 - 0x00007ffd5b60e000 	C:\Users\user\AppData\Roaming\Antigravity\User\globalStorage\redhat.java\1.12.0\config_win\org.eclipse.equinox.launcher\org.eclipse.equinox.launcher.win32.win32.x86_64_1.2.600.v20220720-1916\eclipse_11700.dll
0x00007ffd8b040000 - 0x00007ffd8b1e5000 	C:\Windows\System32\ole32.dll

dbghelp: loaded successfully - version: 4.0.5 - missing functions: none
symbol engine: initialized successfully - sym options: 0x614 - pdb path: .;c:\Users\user\.antigravity\extensions\redhat.java-1.12.0-win32-x64\jre\17.0.4.1-win32-x86_64\bin;C:\Windows\SYSTEM32;C:\Windows\WinSxS\amd64_microsoft.windows.common-controls_6595b64144ccf1df_6.0.22621.3672_none_2713b9d173822955;c:\Users\user\.antigravity\extensions\redhat.java-1.12.0-win32-x64\jre\17.0.4.1-win32-x86_64\bin\server;C:\Users\user\AppData\Roaming\Antigravity\User\globalStorage\redhat.java\1.12.0\config_win\org.eclipse.equinox.launcher\org.eclipse.equinox.launcher.win32.win32.x86_64_1.2.600.v20220720-1916

VM Arguments:
jvm_args: --add-modules=ALL-SYSTEM --add-opens=java.base/java.util=ALL-UNNAMED --add-opens=java.base/java.lang=ALL-UNNAMED --add-opens=java.base/sun.nio.fs=ALL-UNNAMED -Declipse.application=org.eclipse.jdt.ls.core.id1 -Dosgi.bundles.defaultStartLevel=4 -Declipse.product=org.eclipse.jdt.ls.core.product -Djava.import.generatesMetadataFilesAtProjectRoot=false -Dfile.encoding=utf8 -XX:+UseParallelGC -XX:GCTimeRatio=4 -XX:AdaptiveSizePolicyWeight=90 -Dsun.zip.disableMemoryMapping=true -Xmx1G -Xms100m -Xlog:disable -javaagent:c:\Users\user\.antigravity\extensions\redhat.java-1.12.0-win32-x64\lombok\lombok-1.18.24.jar -XX:+HeapDumpOnOutOfMemoryError -XX:HeapDumpPath=c:\Users\user\AppData\Roaming\Antigravity\User\workspaceStorage\a1e433b4a5f0c6c270b3112b29a27d60\redhat.java 
java_command: c:\Users\user\.antigravity\extensions\redhat.java-1.12.0-win32-x64\server\plugins\org.eclipse.equinox.launcher_1.6.400.v20210924-0641.jar -configuration c:\Users\user\AppData\Roaming\Antigravity\User\globalStorage\redhat.java\1.12.0\config_win -data c:\Users\user\AppData\Roaming\Antigravity\User\workspaceStorage\a1e433b4a5f0c6c270b3112b29a27d60\redhat.java\jdt_ws
java_class_path (initial): c:\Users\user\.antigravity\extensions\redhat.java-1.12.0-win32-x64\server\plugins\org.eclipse.equinox.launcher_1.6.400.v20210924-0641.jar
Launcher Type: SUN_STANDARD

[Global flags]
    uintx AdaptiveSizePolicyWeight                 = 90                                        {product} {command line}
     intx CICompilerCount                          = 3                                         {product} {ergonomic}
    uintx GCTimeRatio                              = 4                                         {product} {command line}
     bool HeapDumpOnOutOfMemoryError               = true                                   {manageable} {command line}
    ccstr HeapDumpPath                             = c:\Users\user\AppData\Roaming\Antigravity\User\workspaceStorage\a1e433b4a5f0c6c270b3112b29a27d60\redhat.java         {manageable} {command line}
   size_t InitialHeapSize                          = 104857600                                 {product} {command line}
   size_t MaxHeapSize                              = 1073741824                                {product} {command line}
   size_t MaxNewSize                               = 357564416                                 {product} {ergonomic}
   size_t MinHeapDeltaBytes                        = 524288                                    {product} {ergonomic}
   size_t MinHeapSize                              = 104857600                                 {product} {command line}
   size_t NewSize                                  = 34603008                                  {product} {ergonomic}
    uintx NonNMethodCodeHeapSize                   = 5832780                                {pd product} {ergonomic}
    uintx NonProfiledCodeHeapSize                  = 122912730                              {pd product} {ergonomic}
   size_t OldSize                                  = 70254592                                  {product} {ergonomic}
    uintx ProfiledCodeHeapSize                     = 122912730                              {pd product} {ergonomic}
    uintx ReservedCodeCacheSize                    = 251658240                              {pd product} {ergonomic}
     bool SegmentedCodeCache                       = true                                      {product} {ergonomic}
   size_t SoftMaxHeapSize                          = 1073741824                             {manageable} {ergonomic}
     bool UseCompressedClassPointers               = true                           {product lp64_product} {ergonomic}
     bool UseCompressedOops                        = true                           {product lp64_product} {ergonomic}
     bool UseLargePagesIndividualAllocation        = false                                  {pd product} {ergonomic}
     bool UseParallelGC                            = true                                      {product} {command line}

Logging:
Log output configuration:
 #0: stdout all=off uptime,level,tags
 #1: stderr all=off uptime,level,tags

Environment Variables:
JAVA_HOME=C:\Program Files\Microsoft\jdk-17.0.10.7-hotspot\
PATH=C:\Program Files\Microsoft\jdk-17.0.10.7-hotspot\bin;C:\Windows\system32;C:\Windows;C:\Windows\System32\Wbem;C:\Windows\System32\WindowsPowerShell\v1.0\;C:\Windows\System32\OpenSSH\;C:\ProgramData\chocolatey\bin;D:\Git\cmd;C:\Users\user\AppData\Local\Android\Sdk;C:\Program Files (x86)\Microsoft SQL Server\160\Tools\Binn\;C:\Program Files\Microsoft SQL Server\160\Tools\Binn\;C:\Program Files\Microsoft SQL Server\Client SDK\ODBC\170\Tools\Binn\;C:\Program Files\Microsoft SQL Server\160\DTS\Binn\;C:\Program Files\WireGuard\;C:\Program Files\nodejs\;C:\Users\user\AppData\Local\Android\Sdk\tools;C:\Users\user\AppData\Local\Microsoft\WindowsApps;C:\Users\user\AppData\Local\Android\Sdk\platform-tools;C:\Users\user\AppData\Local\GitHubDesktop\bin;C:\Users\user\AppData\Local\Programs\Microsoft VS Code\bin;C:\Users\user\AppData\Roaming\npm;C:\Users\user\AppData\Local\Programs\Antigravity\bin
USERNAME=user
TMPDIR=C:\Users\Public\Documents\iSkysoft\CreatorTemp
OS=Windows_NT
PROCESSOR_IDENTIFIER=Intel64 Family 6 Model 158 Stepping 9, GenuineIntel
TMP=C:\Users\user\AppData\Local\Temp
TEMP=C:\Users\user\AppData\Local\Temp



---------------  S Y S T E M  ---------------

OS:
 Windows 11 , 64 bit Build 22621 (10.0.22621.3958)
OS uptime: 1 days 12:17 hours
Hyper-V role detected

CPU: total 4 (initial active 4) (4 cores per cpu, 1 threads per core) family 6 model 158 stepping 9 microcode 0xde, cx8, cmov, fxsr, mmx, 3dnowpref, sse, sse2, sse3, ssse3, sse4.1, sse4.2, popcnt, lzcnt, tsc, tscinvbit, avx, avx2, aes, erms, clmul, bmi1, bmi2, adx, fma, vzeroupper, clflush, clflushopt, hv

Memory: 4k page, system-wide physical 8075M (275M free)
TotalPageFile size 32651M (AvailPageFile size 0M)
current process WorkingSet (physical memory assigned to process): 161M, peak: 162M
current process commit charge ("private bytes"): 243M, peak: 246M

vm_info: OpenJDK 64-Bit Server VM (17.0.4.1+1) for windows-amd64 JRE (17.0.4.1+1), built on Aug 17 2022 07:42:43 by "temurin" with MS VC++ 16.7 (VS2019)

END.
