#
# There is insufficient memory for the Java Runtime Environment to continue.
# Native memory allocation (malloc) failed to allocate 955456 bytes for Chunk::new
# Possible reasons:
#   The system is out of physical RAM or swap space
#   The process is running with CompressedOops enabled, and the Java Heap may be blocking the growth of the native heap
# Possible solutions:
#   Reduce memory load on the system
#   Increase physical memory or swap space
#   Check if swap backing store is full
#   Decrease Java heap size (-Xmx/-Xms)
#   Decrease number of Java threads
#   Decrease Java thread stack sizes (-Xss)
#   Set larger code cache with -XX:ReservedCodeCacheSize=
#   JVM is running with Unscaled Compressed Oops mode in which the Java heap is
#     placed in the first 4GB address space. The Java Heap base address is the
#     maximum limit for the native heap growth. Please use -XX:HeapBaseMinAddress
#     to set the Java Heap base and to place the Java Heap above 4GB virtual address.
# This output file may be truncated or incomplete.
#
#  Out of Memory Error (arena.cpp:189), pid=3288, tid=16268
#
# JRE version: OpenJDK Runtime Environment Temurin-17.0.4.1+1 (17.0.4.1+1) (build 17.0.4.1+1)
# Java VM: OpenJDK 64-Bit Server VM Temurin-17.0.4.1+1 (17.0.4.1+1, mixed mode, tiered, compressed oops, compressed class ptrs, parallel gc, windows-amd64)
# No core dump will be written. Minidumps are not enabled by default on client versions of Windows
#

---------------  S U M M A R Y ------------

Command Line: --add-modules=ALL-SYSTEM --add-opens=java.base/java.util=ALL-UNNAMED --add-opens=java.base/java.lang=ALL-UNNAMED --add-opens=java.base/sun.nio.fs=ALL-UNNAMED -Declipse.application=org.eclipse.jdt.ls.core.id1 -Dosgi.bundles.defaultStartLevel=4 -Declipse.product=org.eclipse.jdt.ls.core.product -Djava.import.generatesMetadataFilesAtProjectRoot=false -Dfile.encoding=utf8 -XX:+UseParallelGC -XX:GCTimeRatio=4 -XX:AdaptiveSizePolicyWeight=90 -Dsun.zip.disableMemoryMapping=true -Xmx1G -Xms100m -Xlog:disable -javaagent:c:\Users\user\.antigravity\extensions\redhat.java-1.12.0-win32-x64\lombok\lombok-1.18.24.jar -XX:+HeapDumpOnOutOfMemoryError -XX:HeapDumpPath=c:\Users\user\AppData\Roaming\Antigravity\User\workspaceStorage\a1e433b4a5f0c6c270b3112b29a27d60\redhat.java c:\Users\user\.antigravity\extensions\redhat.java-1.12.0-win32-x64\server\plugins\org.eclipse.equinox.launcher_1.6.400.v20210924-0641.jar -configuration c:\Users\user\AppData\Roaming\Antigravity\User\globalStorage\redhat.java\1.12.0\config_win -data c:\Users\user\AppData\Roaming\Antigravity\User\workspaceStorage\a1e433b4a5f0c6c270b3112b29a27d60\redhat.java\jdt_ws

Host: Intel(R) Core(TM) i5-7300HQ CPU @ 2.50GHz, 4 cores, 7G,  Windows 11 , 64 bit Build 22621 (10.0.22621.3958)
Time: Thu Mar  5 00:03:45 2026 India Standard Time elapsed time: 6.395527 seconds (0d 0h 0m 6s)

---------------  T H R E A D  ---------------

Current thread (0x000001eafa1c5750):  JavaThread "C2 CompilerThread0" daemon [_thread_in_native, id=16268, stack(0x000000d704700000,0x000000d704800000)]


Current CompileTask:
C2:   6395 3074       4       org.objectweb.asm.ClassReader::readMethod (1066 bytes)

Stack: [0x000000d704700000,0x000000d704800000]
Native frames: (J=compiled Java code, j=interpreted, Vv=VM code, C=native code)
V  [jvm.dll+0x67731a]
V  [jvm.dll+0x832284]
V  [jvm.dll+0x833a2e]
V  [jvm.dll+0x834093]
V  [jvm.dll+0x245775]
V  [jvm.dll+0xabd7b]
V  [jvm.dll+0xac30c]
V  [jvm.dll+0x2ac80f]
V  [jvm.dll+0x57dd77]
V  [jvm.dll+0x220892]
V  [jvm.dll+0x220c6f]
V  [jvm.dll+0x21a4d5]
V  [jvm.dll+0x21799b]
V  [jvm.dll+0x1a3f8d]
V  [jvm.dll+0x227498]
V  [jvm.dll+0x2255e5]
V  [jvm.dll+0x7e7e9b]
V  [jvm.dll+0x7e240a]
V  [jvm.dll+0x6761a5]
C  [ucrtbase.dll+0x29333]
C  [KERNEL32.DLL+0x1257d]
C  [ntdll.dll+0x5af08]


---------------  P R O C E S S  ---------------

Threads class SMR info:
_java_thread_list=0x000001eafdb11140, length=21, elements={
0x000001eae6365f40, 0x000001eafa17ef10, 0x000001eafa17fd80, 0x000001eafa190fa0,
0x000001eafa191c20, 0x000001eafa1948b0, 0x000001eafa197440, 0x000001eafa1c5750,
0x000001eafbb3acf0, 0x000001eafbb3d9b0, 0x000001eafbb5dfe0, 0x000001eafbe6be50,
0x000001eafd3154a0, 0x000001eafc45fde0, 0x000001eafc3765f0, 0x000001eafd369410,
0x000001eafd35f810, 0x000001eafc441530, 0x000001eafc4436e0, 0x000001eafc441ed0,
0x000001eafc441060
}

Java Threads: ( => current thread )
  0x000001eae6365f40 JavaThread "main" [_thread_blocked, id=22260, stack(0x000000d703d00000,0x000000d703e00000)]
  0x000001eafa17ef10 JavaThread "Reference Handler" daemon [_thread_blocked, id=19420, stack(0x000000d704100000,0x000000d704200000)]
  0x000001eafa17fd80 JavaThread "Finalizer" daemon [_thread_blocked, id=22236, stack(0x000000d704200000,0x000000d704300000)]
  0x000001eafa190fa0 JavaThread "Signal Dispatcher" daemon [_thread_blocked, id=21312, stack(0x000000d704300000,0x000000d704400000)]
  0x000001eafa191c20 JavaThread "Attach Listener" daemon [_thread_blocked, id=8484, stack(0x000000d704400000,0x000000d704500000)]
  0x000001eafa1948b0 JavaThread "Service Thread" daemon [_thread_blocked, id=21732, stack(0x000000d704500000,0x000000d704600000)]
  0x000001eafa197440 JavaThread "Monitor Deflation Thread" daemon [_thread_blocked, id=18416, stack(0x000000d704600000,0x000000d704700000)]
=>0x000001eafa1c5750 JavaThread "C2 CompilerThread0" daemon [_thread_in_native, id=16268, stack(0x000000d704700000,0x000000d704800000)]
  0x000001eafbb3acf0 JavaThread "C1 CompilerThread0" daemon [_thread_blocked, id=21620, stack(0x000000d704800000,0x000000d704900000)]
  0x000001eafbb3d9b0 JavaThread "Sweeper thread" daemon [_thread_blocked, id=8476, stack(0x000000d704900000,0x000000d704a00000)]
  0x000001eafbb5dfe0 JavaThread "Common-Cleaner" daemon [_thread_blocked, id=17000, stack(0x000000d704a00000,0x000000d704b00000)]
  0x000001eafbe6be50 JavaThread "Notification Thread" daemon [_thread_blocked, id=7500, stack(0x000000d704b00000,0x000000d704c00000)]
  0x000001eafd3154a0 JavaThread "Active Thread: Equinox Container: 53aba411-0625-4ece-8fd0-96e20d32ebf0" [_thread_blocked, id=3260, stack(0x000000d705000000,0x000000d705100000)]
  0x000001eafc45fde0 JavaThread "Framework Event Dispatcher: Equinox Container: 53aba411-0625-4ece-8fd0-96e20d32ebf0" daemon [_thread_blocked, id=2096, stack(0x000000d705100000,0x000000d705200000)]
  0x000001eafc3765f0 JavaThread "Start Level: Equinox Container: 53aba411-0625-4ece-8fd0-96e20d32ebf0" daemon [_thread_in_Java, id=7160, stack(0x000000d705200000,0x000000d705300000)]
  0x000001eafd369410 JavaThread "SCR Component Actor" daemon [_thread_blocked, id=13532, stack(0x000000d705300000,0x000000d705400000)]
  0x000001eafd35f810 JavaThread "SCR Component Registry" daemon [_thread_blocked, id=10336, stack(0x000000d705400000,0x000000d705500000)]
  0x000001eafc441530 JavaThread "Worker-JM" [_thread_blocked, id=20844, stack(0x000000d705500000,0x000000d705600000)]
  0x000001eafc4436e0 JavaThread "Worker-0" [_thread_blocked, id=9888, stack(0x000000d705600000,0x000000d705700000)]
  0x000001eafc441ed0 JavaThread "Worker-1: Refreshing workspace" [_thread_blocked, id=19160, stack(0x000000d705700000,0x000000d705800000)]
  0x000001eafc441060 JavaThread "Worker-2" [_thread_blocked, id=10888, stack(0x000000d705800000,0x000000d705900000)]

Other Threads:
  0x000001eafa168ba0 VMThread "VM Thread" [stack: 0x000000d704000000,0x000000d704100000] [id=12896]
  0x000001eafbe6c320 WatcherThread [stack: 0x000000d704c00000,0x000000d704d00000] [id=20440]
  0x000001eae637c180 GCTaskThread "GC Thread#0" [stack: 0x000000d703f00000,0x000000d704000000] [id=13684]
  0x000001eafc5f7ea0 GCTaskThread "GC Thread#1" [stack: 0x000000d704d00000,0x000000d704e00000] [id=12564]
  0x000001eafc5decf0 GCTaskThread "GC Thread#2" [stack: 0x000000d704e00000,0x000000d704f00000] [id=14772]
  0x000001eafc5defa0 GCTaskThread "GC Thread#3" [stack: 0x000000d704f00000,0x000000d705000000] [id=11812]

Threads with active compile tasks:
C2 CompilerThread0     6419 3074       4       org.objectweb.asm.ClassReader::readMethod (1066 bytes)

VM state: not at safepoint (normal execution)

VM Mutex/Monitor currently owned by a thread: None

Heap address: 0x00000000c0000000, size: 1024 MB, Compressed Oops mode: 32-bit

CDS archive(s) not mapped
Compressed class space mapped at: 0x0000000100000000-0x0000000140000000, reserved size: 1073741824
Narrow klass base: 0x0000000000000000, Narrow klass shift: 3, Narrow klass range: 0x140000000

GC Precious Log:
 CPUs: 4 total, 4 available
 Memory: 8075M
 Large Page Support: Disabled
 NUMA Support: Disabled
 Compressed Oops: Enabled (32-bit)
 Alignments: Space 512K, Generation 512K, Heap 2M
 Heap Min Capacity: 100M
 Heap Initial Capacity: 100M
 Heap Max Capacity: 1G
 Pre-touch: Disabled
 Parallel Workers: 4

Heap:
 PSYoungGen      total 26624K, used 3012K [0x00000000eab00000, 0x00000000ecd00000, 0x0000000100000000)
  eden space 24064K, 1% used [0x00000000eab00000,0x00000000eab73190,0x00000000ec280000)
  from space 2560K, 99% used [0x00000000eca80000,0x00000000eccfded8,0x00000000ecd00000)
  to   space 3584K, 0% used [0x00000000ec600000,0x00000000ec600000,0x00000000ec980000)
 ParOldGen       total 68608K, used 19942K [0x00000000c0000000, 0x00000000c4300000, 0x00000000eab00000)
  object space 68608K, 29% used [0x00000000c0000000,0x00000000c1379898,0x00000000c4300000)
 Metaspace       used 29691K, committed 30208K, reserved 1081344K
  class space    used 2852K, committed 3072K, reserved 1048576K

Card table byte_map: [0x000001eae5d30000,0x000001eae5f40000] _byte_map_base: 0x000001eae5730000

Marking Bits: (ParMarkBitMap*) 0x00007ffd0fda2cc0
 Begin Bits: [0x000001eaf7ff0000, 0x000001eaf8ff0000)
 End Bits:   [0x000001eaf8ff0000, 0x000001eaf9ff0000)

Polling page: 0x000001eae4500000

Metaspace:

Usage:
  Non-class:     26.21 MB used.
      Class:      2.79 MB used.
       Both:     29.00 MB used.

Virtual space:
  Non-class space:       32.00 MB reserved,      26.50 MB ( 83%) committed,  4 nodes.
      Class space:        1.00 GB reserved,       3.00 MB ( <1%) committed,  1 nodes.
             Both:        1.03 GB reserved,      29.50 MB (  3%) committed. 

Chunk freelists:
   Non-Class:  848.00 KB
       Class:  898.00 KB
        Both:  1.71 MB

MaxMetaspaceSize: unlimited
CompressedClassSpaceSize: 1.00 GB
Initial GC threshold: 21.00 MB
Current GC threshold: 35.00 MB
CDS: off
MetaspaceReclaimPolicy: balanced
 - commit_granule_bytes: 65536.
 - commit_granule_words: 8192.
 - virtual_space_node_default_size: 1048576.
 - enlarge_chunks_in_place: 1.
 - new_chunks_are_fully_committed: 0.
 - uncommit_free_chunks: 1.
 - use_allocation_guard: 0.
 - handle_deallocations: 1.


Internal statistics:

num_allocs_failed_limit: 3.
num_arena_births: 196.
num_arena_deaths: 14.
num_vsnodes_births: 5.
num_vsnodes_deaths: 0.
num_space_committed: 472.
num_space_uncommitted: 0.
num_chunks_returned_to_freelist: 17.
num_chunks_taken_from_freelist: 1018.
num_chunk_merges: 7.
num_chunk_splits: 684.
num_chunks_enlarged: 498.
num_purges: 2.
num_inconsistent_stats: 0.

CodeHeap 'non-profiled nmethods': size=120000Kb used=1367Kb max_used=1367Kb free=118633Kb
 bounds [0x000001eaf0ac0000, 0x000001eaf0d30000, 0x000001eaf7ff0000]
CodeHeap 'profiled nmethods': size=120000Kb used=6511Kb max_used=6511Kb free=113488Kb
 bounds [0x000001eae9590000, 0x000001eae9bf0000, 0x000001eaf0ac0000]
CodeHeap 'non-nmethods': size=5760Kb used=1230Kb max_used=1240Kb free=4529Kb
 bounds [0x000001eae8ff0000, 0x000001eae9260000, 0x000001eae9590000]
 total_blobs=3659 nmethods=3113 adapters=459
 compilation: enabled
              stopped_count=0, restarted_count=0
 full_count=0

Compilation events (20 events):
Event: 6.383 Thread 0x000001eafbb3acf0 3116       3       java.io.DataInputStream::readInt (72 bytes)
Event: 6.383 Thread 0x000001eafbb3acf0 nmethod 3116 0x000001eae9be3a10 code [0x000001eae9be3c00, 0x000001eae9be4128]
Event: 6.383 Thread 0x000001eafbb3acf0 3111       3       org.eclipse.jdt.internal.core.JavaModelManager$VariablesAndContainersLoadHelper::loadInt (8 bytes)
Event: 6.384 Thread 0x000001eafbb3acf0 nmethod 3111 0x000001eae9be4310 code [0x000001eae9be44c0, 0x000001eae9be4608]
Event: 6.384 Thread 0x000001eafbb3acf0 3113       3       org.eclipse.jdt.internal.core.JavaModelManager$VariablesAndContainersLoadHelper::loadBoolean (8 bytes)
Event: 6.384 Thread 0x000001eafbb3acf0 nmethod 3113 0x000001eae9be4710 code [0x000001eae9be48e0, 0x000001eae9be4c38]
Event: 6.384 Thread 0x000001eafbb3acf0 3114       3       org.eclipse.jdt.internal.core.JavaModelManager$VariablesAndContainersLoadHelper::loadString (108 bytes)
Event: 6.384 Thread 0x000001eafbb3acf0 nmethod 3114 0x000001eae9be4d90 code [0x000001eae9be4fa0, 0x000001eae9be5778]
Event: 6.384 Thread 0x000001eafbb3acf0 3117       3       org.eclipse.jdt.internal.core.JavaModelManager$VariablesAndContainersLoadHelper::loadClasspathEntry (209 bytes)
Event: 6.385 Thread 0x000001eafbb3acf0 nmethod 3117 0x000001eae9be5a90 code [0x000001eae9be5dc0, 0x000001eae9be6f38]
Event: 6.385 Thread 0x000001eafbb3acf0 3115       3       org.eclipse.jdt.internal.core.JavaModelManager$VariablesAndContainersLoadHelper::loadPath (51 bytes)
Event: 6.386 Thread 0x000001eafbb3acf0 nmethod 3115 0x000001eae9be7910 code [0x000001eae9be7b40, 0x000001eae9be82b8]
Event: 6.386 Thread 0x000001eafbb3acf0 3119       3       java.util.LinkedHashMap::<init> (10 bytes)
Event: 6.386 Thread 0x000001eafbb3acf0 nmethod 3119 0x000001eae9be8510 code [0x000001eae9be86c0, 0x000001eae9be88f8]
Event: 6.390 Thread 0x000001eafbb3acf0 3120       3       jdk.internal.reflect.UnsafeStaticObjectFieldAccessorImpl::set (54 bytes)
Event: 6.390 Thread 0x000001eafbb3acf0 nmethod 3120 0x000001eae9be8a10 code [0x000001eae9be8c40, 0x000001eae9be94e8]
Event: 6.391 Thread 0x000001eafbb3acf0 3121       3       java.util.Properties::loadConvert (540 bytes)
Event: 6.392 Thread 0x000001eafbb3acf0 nmethod 3121 0x000001eae9be9790 code [0x000001eae9be9a80, 0x000001eae9beae98]
Event: 6.392 Thread 0x000001eafbb3acf0 3122       3       java.util.HashSet::remove (20 bytes)
Event: 6.392 Thread 0x000001eafbb3acf0 nmethod 3122 0x000001eae9beb510 code [0x000001eae9beb6c0, 0x000001eae9beb8e8]

GC Heap History (16 events):
Event: 1.788 GC heap before
{Heap before GC invocations=1 (full 0):
 PSYoungGen      total 29696K, used 25600K [0x00000000eab00000, 0x00000000ecc00000, 0x0000000100000000)
  eden space 25600K, 100% used [0x00000000eab00000,0x00000000ec400000,0x00000000ec400000)
  from space 4096K, 0% used [0x00000000ec800000,0x00000000ec800000,0x00000000ecc00000)
  to   space 4096K, 0% used [0x00000000ec400000,0x00000000ec400000,0x00000000ec800000)
 ParOldGen       total 68608K, used 0K [0x00000000c0000000, 0x00000000c4300000, 0x00000000eab00000)
  object space 68608K, 0% used [0x00000000c0000000,0x00000000c0000000,0x00000000c4300000)
 Metaspace       used 10800K, committed 11008K, reserved 1064960K
  class space    used 1083K, committed 1152K, reserved 1048576K
}
Event: 1.835 GC heap after
{Heap after GC invocations=1 (full 0):
 PSYoungGen      total 29696K, used 3288K [0x00000000eab00000, 0x00000000ecc00000, 0x0000000100000000)
  eden space 25600K, 0% used [0x00000000eab00000,0x00000000eab00000,0x00000000ec400000)
  from space 4096K, 80% used [0x00000000ec400000,0x00000000ec736218,0x00000000ec800000)
  to   space 4096K, 0% used [0x00000000ec800000,0x00000000ec800000,0x00000000ecc00000)
 ParOldGen       total 68608K, used 0K [0x00000000c0000000, 0x00000000c4300000, 0x00000000eab00000)
  object space 68608K, 0% used [0x00000000c0000000,0x00000000c0000000,0x00000000c4300000)
 Metaspace       used 10800K, committed 11008K, reserved 1064960K
  class space    used 1083K, committed 1152K, reserved 1048576K
}
Event: 2.902 GC heap before
{Heap before GC invocations=2 (full 0):
 PSYoungGen      total 29696K, used 28888K [0x00000000eab00000, 0x00000000ecc00000, 0x0000000100000000)
  eden space 25600K, 100% used [0x00000000eab00000,0x00000000ec400000,0x00000000ec400000)
  from space 4096K, 80% used [0x00000000ec400000,0x00000000ec736218,0x00000000ec800000)
  to   space 4096K, 0% used [0x00000000ec800000,0x00000000ec800000,0x00000000ecc00000)
 ParOldGen       total 68608K, used 0K [0x00000000c0000000, 0x00000000c4300000, 0x00000000eab00000)
  object space 68608K, 0% used [0x00000000c0000000,0x00000000c0000000,0x00000000c4300000)
 Metaspace       used 14805K, committed 15104K, reserved 1064960K
  class space    used 1502K, committed 1664K, reserved 1048576K
}
Event: 2.908 GC heap after
{Heap after GC invocations=2 (full 0):
 PSYoungGen      total 29696K, used 4093K [0x00000000eab00000, 0x00000000ecc00000, 0x0000000100000000)
  eden space 25600K, 0% used [0x00000000eab00000,0x00000000eab00000,0x00000000ec400000)
  from space 4096K, 99% used [0x00000000ec800000,0x00000000ecbff718,0x00000000ecc00000)
  to   space 4096K, 0% used [0x00000000ec400000,0x00000000ec400000,0x00000000ec800000)
 ParOldGen       total 68608K, used 1470K [0x00000000c0000000, 0x00000000c4300000, 0x00000000eab00000)
  object space 68608K, 2% used [0x00000000c0000000,0x00000000c016fb70,0x00000000c4300000)
 Metaspace       used 14805K, committed 15104K, reserved 1064960K
  class space    used 1502K, committed 1664K, reserved 1048576K
}
Event: 3.705 GC heap before
{Heap before GC invocations=3 (full 0):
 PSYoungGen      total 29696K, used 29682K [0x00000000eab00000, 0x00000000ecc00000, 0x0000000100000000)
  eden space 25600K, 99% used [0x00000000eab00000,0x00000000ec3fd1d8,0x00000000ec400000)
  from space 4096K, 99% used [0x00000000ec800000,0x00000000ecbff718,0x00000000ecc00000)
  to   space 4096K, 0% used [0x00000000ec400000,0x00000000ec400000,0x00000000ec800000)
 ParOldGen       total 68608K, used 1470K [0x00000000c0000000, 0x00000000c4300000, 0x00000000eab00000)
  object space 68608K, 2% used [0x00000000c0000000,0x00000000c016fb70,0x00000000c4300000)
 Metaspace       used 19579K, committed 20032K, reserved 1073152K
  class space    used 1985K, committed 2176K, reserved 1048576K
}
Event: 3.715 GC heap after
{Heap after GC invocations=3 (full 0):
 PSYoungGen      total 29696K, used 4064K [0x00000000eab00000, 0x00000000ecc00000, 0x0000000100000000)
  eden space 25600K, 0% used [0x00000000eab00000,0x00000000eab00000,0x00000000ec400000)
  from space 4096K, 99% used [0x00000000ec400000,0x00000000ec7f81e8,0x00000000ec800000)
  to   space 4096K, 0% used [0x00000000ec800000,0x00000000ec800000,0x00000000ecc00000)
 ParOldGen       total 68608K, used 3787K [0x00000000c0000000, 0x00000000c4300000, 0x00000000eab00000)
  object space 68608K, 5% used [0x00000000c0000000,0x00000000c03b2e70,0x00000000c4300000)
 Metaspace       used 19579K, committed 20032K, reserved 1073152K
  class space    used 1985K, committed 2176K, reserved 1048576K
}
Event: 4.257 GC heap before
{Heap before GC invocations=4 (full 0):
 PSYoungGen      total 29696K, used 29664K [0x00000000eab00000, 0x00000000ecc00000, 0x0000000100000000)
  eden space 25600K, 100% used [0x00000000eab00000,0x00000000ec400000,0x00000000ec400000)
  from space 4096K, 99% used [0x00000000ec400000,0x00000000ec7f81e8,0x00000000ec800000)
  to   space 4096K, 0% used [0x00000000ec800000,0x00000000ec800000,0x00000000ecc00000)
 ParOldGen       total 68608K, used 3787K [0x00000000c0000000, 0x00000000c4300000, 0x00000000eab00000)
  object space 68608K, 5% used [0x00000000c0000000,0x00000000c03b2e70,0x00000000c4300000)
 Metaspace       used 20859K, committed 21312K, reserved 1073152K
  class space    used 2121K, committed 2368K, reserved 1048576K
}
Event: 4.284 GC heap after
{Heap after GC invocations=4 (full 0):
 PSYoungGen      total 29696K, used 4083K [0x00000000eab00000, 0x00000000ecc00000, 0x0000000100000000)
  eden space 25600K, 0% used [0x00000000eab00000,0x00000000eab00000,0x00000000ec400000)
  from space 4096K, 99% used [0x00000000ec800000,0x00000000ecbfcca0,0x00000000ecc00000)
  to   space 4096K, 0% used [0x00000000ec400000,0x00000000ec400000,0x00000000ec800000)
 ParOldGen       total 68608K, used 15505K [0x00000000c0000000, 0x00000000c4300000, 0x00000000eab00000)
  object space 68608K, 22% used [0x00000000c0000000,0x00000000c0f24428,0x00000000c4300000)
 Metaspace       used 20859K, committed 21312K, reserved 1073152K
  class space    used 2121K, committed 2368K, reserved 1048576K
}
Event: 4.576 GC heap before
{Heap before GC invocations=5 (full 0):
 PSYoungGen      total 29696K, used 6123K [0x00000000eab00000, 0x00000000ecc00000, 0x0000000100000000)
  eden space 25600K, 7% used [0x00000000eab00000,0x00000000eacfe2d8,0x00000000ec400000)
  from space 4096K, 99% used [0x00000000ec800000,0x00000000ecbfcca0,0x00000000ecc00000)
  to   space 4096K, 0% used [0x00000000ec400000,0x00000000ec400000,0x00000000ec800000)
 ParOldGen       total 68608K, used 15505K [0x00000000c0000000, 0x00000000c4300000, 0x00000000eab00000)
  object space 68608K, 22% used [0x00000000c0000000,0x00000000c0f24428,0x00000000c4300000)
 Metaspace       used 21022K, committed 21504K, reserved 1073152K
  class space    used 2123K, committed 2368K, reserved 1048576K
}
Event: 4.588 GC heap after
{Heap after GC invocations=5 (full 0):
 PSYoungGen      total 29696K, used 4073K [0x00000000eab00000, 0x00000000ed500000, 0x0000000100000000)
  eden space 25600K, 0% used [0x00000000eab00000,0x00000000eab00000,0x00000000ec400000)
  from space 4096K, 99% used [0x00000000ec400000,0x00000000ec7fa4e0,0x00000000ec800000)
  to   space 8704K, 0% used [0x00000000ecc80000,0x00000000ecc80000,0x00000000ed500000)
 ParOldGen       total 68608K, used 15577K [0x00000000c0000000, 0x00000000c4300000, 0x00000000eab00000)
  object space 68608K, 22% used [0x00000000c0000000,0x00000000c0f36428,0x00000000c4300000)
 Metaspace       used 21022K, committed 21504K, reserved 1073152K
  class space    used 2123K, committed 2368K, reserved 1048576K
}
Event: 4.588 GC heap before
{Heap before GC invocations=6 (full 1):
 PSYoungGen      total 29696K, used 4073K [0x00000000eab00000, 0x00000000ed500000, 0x0000000100000000)
  eden space 25600K, 0% used [0x00000000eab00000,0x00000000eab00000,0x00000000ec400000)
  from space 4096K, 99% used [0x00000000ec400000,0x00000000ec7fa4e0,0x00000000ec800000)
  to   space 8704K, 0% used [0x00000000ecc80000,0x00000000ecc80000,0x00000000ed500000)
 ParOldGen       total 68608K, used 15577K [0x00000000c0000000, 0x00000000c4300000, 0x00000000eab00000)
  object space 68608K, 22% used [0x00000000c0000000,0x00000000c0f36428,0x00000000c4300000)
 Metaspace       used 21022K, committed 21504K, reserved 1073152K
  class space    used 2123K, committed 2368K, reserved 1048576K
}
Event: 4.631 GC heap after
{Heap after GC invocations=6 (full 1):
 PSYoungGen      total 29696K, used 0K [0x00000000eab00000, 0x00000000ed500000, 0x0000000100000000)
  eden space 25600K, 0% used [0x00000000eab00000,0x00000000eab00000,0x00000000ec400000)
  from space 4096K, 0% used [0x00000000ec400000,0x00000000ec400000,0x00000000ec800000)
  to   space 8704K, 0% used [0x00000000ecc80000,0x00000000ecc80000,0x00000000ed500000)
 ParOldGen       total 68608K, used 19410K [0x00000000c0000000, 0x00000000c4300000, 0x00000000eab00000)
  object space 68608K, 28% used [0x00000000c0000000,0x00000000c12f4938,0x00000000c4300000)
 Metaspace       used 21009K, committed 21504K, reserved 1073152K
  class space    used 2120K, committed 2368K, reserved 1048576K
}
Event: 5.749 GC heap before
{Heap before GC invocations=7 (full 1):
 PSYoungGen      total 29696K, used 25600K [0x00000000eab00000, 0x00000000ed500000, 0x0000000100000000)
  eden space 25600K, 100% used [0x00000000eab00000,0x00000000ec400000,0x00000000ec400000)
  from space 4096K, 0% used [0x00000000ec400000,0x00000000ec400000,0x00000000ec800000)
  to   space 8704K, 0% used [0x00000000ecc80000,0x00000000ecc80000,0x00000000ed500000)
 ParOldGen       total 68608K, used 19410K [0x00000000c0000000, 0x00000000c4300000, 0x00000000eab00000)
  object space 68608K, 28% used [0x00000000c0000000,0x00000000c12f4938,0x00000000c4300000)
 Metaspace       used 24582K, committed 25216K, reserved 1073152K
  class space    used 2500K, committed 2752K, reserved 1048576K
}
Event: 5.751 GC heap after
{Heap after GC invocations=7 (full 1):
 PSYoungGen      total 27136K, used 1836K [0x00000000eab00000, 0x00000000ece80000, 0x0000000100000000)
  eden space 25088K, 0% used [0x00000000eab00000,0x00000000eab00000,0x00000000ec380000)
  from space 2048K, 89% used [0x00000000ecc80000,0x00000000ece4b158,0x00000000ece80000)
  to   space 3584K, 0% used [0x00000000ec780000,0x00000000ec780000,0x00000000ecb00000)
 ParOldGen       total 68608K, used 19418K [0x00000000c0000000, 0x00000000c4300000, 0x00000000eab00000)
  object space 68608K, 28% used [0x00000000c0000000,0x00000000c12f6938,0x00000000c4300000)
 Metaspace       used 24582K, committed 25216K, reserved 1073152K
  class space    used 2500K, committed 2752K, reserved 1048576K
}
Event: 6.155 GC heap before
{Heap before GC invocations=8 (full 1):
 PSYoungGen      total 27136K, used 26924K [0x00000000eab00000, 0x00000000ece80000, 0x0000000100000000)
  eden space 25088K, 100% used [0x00000000eab00000,0x00000000ec380000,0x00000000ec380000)
  from space 2048K, 89% used [0x00000000ecc80000,0x00000000ece4b158,0x00000000ece80000)
  to   space 3584K, 0% used [0x00000000ec780000,0x00000000ec780000,0x00000000ecb00000)
 ParOldGen       total 68608K, used 19418K [0x00000000c0000000, 0x00000000c4300000, 0x00000000eab00000)
  object space 68608K, 28% used [0x00000000c0000000,0x00000000c12f6938,0x00000000c4300000)
 Metaspace       used 27305K, committed 27904K, reserved 1081344K
  class space    used 2674K, committed 2944K, reserved 1048576K
}
Event: 6.157 GC heap after
{Heap after GC invocations=8 (full 1):
 PSYoungGen      total 27136K, used 2350K [0x00000000eab00000, 0x00000000ecd00000, 0x0000000100000000)
  eden space 24576K, 0% used [0x00000000eab00000,0x00000000eab00000,0x00000000ec300000)
  from space 2560K, 91% used [0x00000000ec780000,0x00000000ec9cba30,0x00000000eca00000)
  to   space 2560K, 0% used [0x00000000eca80000,0x00000000eca80000,0x00000000ecd00000)
 ParOldGen       total 68608K, used 19426K [0x00000000c0000000, 0x00000000c4300000, 0x00000000eab00000)
  object space 68608K, 28% used [0x00000000c0000000,0x00000000c12f8938,0x00000000c4300000)
 Metaspace       used 27305K, committed 27904K, reserved 1081344K
  class space    used 2674K, committed 2944K, reserved 1048576K
}

Deoptimization events (20 events):
Event: 5.874 Thread 0x000001eafc3765f0 DEOPT PACKING pc=0x000001eae9a1e04e sp=0x000000d7052f9050
Event: 5.874 Thread 0x000001eafc3765f0 DEOPT UNPACKING pc=0x000001eae9042843 sp=0x000000d7052f8560 mode 0
Event: 6.162 Thread 0x000001eafc441ed0 Uncommon trap: trap_request=0xffffff45 fr.pc=0x000001eaf0c0e9cc relative=0x000000000000004c
Event: 6.162 Thread 0x000001eafc441ed0 Uncommon trap: reason=unstable_if action=reinterpret pc=0x000001eaf0c0e9cc method=sun.nio.fs.WindowsPath.addPrefixIfNeeded(Ljava/lang/String;)Ljava/lang/String; @ 7 c2
Event: 6.162 Thread 0x000001eafc441ed0 DEOPT PACKING pc=0x000001eaf0c0e9cc sp=0x000000d7057fe910
Event: 6.162 Thread 0x000001eafc441ed0 DEOPT UNPACKING pc=0x000001eae90420a3 sp=0x000000d7057fe8a0 mode 2
Event: 6.283 Thread 0x000001eafc3765f0 DEOPT PACKING pc=0x000001eae95f3789 sp=0x000000d7052f56d0
Event: 6.283 Thread 0x000001eafc3765f0 DEOPT UNPACKING pc=0x000001eae9042843 sp=0x000000d7052f4bc8 mode 0
Event: 6.376 Thread 0x000001eafc3765f0 Uncommon trap: trap_request=0xffffff45 fr.pc=0x000001eaf0c14260 relative=0x0000000000001440
Event: 6.376 Thread 0x000001eafc3765f0 Uncommon trap: reason=unstable_if action=reinterpret pc=0x000001eaf0c14260 method=org.eclipse.core.runtime.Path.computeSegmentCount(Ljava/lang/String;)I @ 78 c2
Event: 6.376 Thread 0x000001eafc3765f0 DEOPT PACKING pc=0x000001eaf0c14260 sp=0x000000d7052f9820
Event: 6.376 Thread 0x000001eafc3765f0 DEOPT UNPACKING pc=0x000001eae90420a3 sp=0x000000d7052f9768 mode 2
Event: 6.380 Thread 0x000001eafc3765f0 Uncommon trap: trap_request=0xffffff45 fr.pc=0x000001eaf0c0f018 relative=0x0000000000000378
Event: 6.380 Thread 0x000001eafc3765f0 Uncommon trap: reason=unstable_if action=reinterpret pc=0x000001eaf0c0f018 method=org.eclipse.core.runtime.Path.computeSegmentCount(Ljava/lang/String;)I @ 78 c2
Event: 6.380 Thread 0x000001eafc3765f0 DEOPT PACKING pc=0x000001eaf0c0f018 sp=0x000000d7052f97d0
Event: 6.380 Thread 0x000001eafc3765f0 DEOPT UNPACKING pc=0x000001eae90420a3 sp=0x000000d7052f9758 mode 2
Event: 6.391 Thread 0x000001eafc3765f0 Uncommon trap: trap_request=0xffffff45 fr.pc=0x000001eaf0b8f958 relative=0x0000000000001218
Event: 6.391 Thread 0x000001eafc3765f0 Uncommon trap: reason=unstable_if action=reinterpret pc=0x000001eaf0b8f958 method=java.util.Properties.loadConvert([CIILjava/lang/StringBuilder;)Ljava/lang/String; @ 463 c2
Event: 6.391 Thread 0x000001eafc3765f0 DEOPT PACKING pc=0x000001eaf0b8f958 sp=0x000000d7052f7ca0
Event: 6.391 Thread 0x000001eafc3765f0 DEOPT UNPACKING pc=0x000001eae90420a3 sp=0x000000d7052f7c90 mode 2

Classes unloaded (7 events):
Event: 4.602 Thread 0x000001eafa168ba0 Unloading class 0x0000000100211400 'java/lang/invoke/LambdaForm$MH+0x0000000100211400'
Event: 4.602 Thread 0x000001eafa168ba0 Unloading class 0x0000000100211000 'java/lang/invoke/LambdaForm$MH+0x0000000100211000'
Event: 4.602 Thread 0x000001eafa168ba0 Unloading class 0x0000000100210c00 'java/lang/invoke/LambdaForm$MH+0x0000000100210c00'
Event: 4.602 Thread 0x000001eafa168ba0 Unloading class 0x0000000100210800 'java/lang/invoke/LambdaForm$MH+0x0000000100210800'
Event: 4.602 Thread 0x000001eafa168ba0 Unloading class 0x0000000100210000 'java/lang/invoke/LambdaForm$BMH+0x0000000100210000'
Event: 4.602 Thread 0x000001eafa168ba0 Unloading class 0x000000010020fc00 'java/lang/invoke/LambdaForm$DMH+0x000000010020fc00'
Event: 4.602 Thread 0x000001eafa168ba0 Unloading class 0x000000010020c400 'java/lang/invoke/LambdaForm$DMH+0x000000010020c400'

Classes redefined (0 events):
No events

Internal exceptions (20 events):
Event: 3.100 Thread 0x000001eafc3765f0 Exception <a 'java/io/FileNotFoundException'{0x00000000eb303d48}> (0x00000000eb303d48) 
thrown [s\src\hotspot\share\prims\jni.cpp, line 516]
Event: 3.117 Thread 0x000001eafc3765f0 Exception <a 'java/lang/NullPointerException'{0x00000000eb35a760}> (0x00000000eb35a760) 
thrown [s\src\hotspot\share\interpreter\linkResolver.cpp, line 1350]
Event: 3.117 Thread 0x000001eafc3765f0 Exception <a 'java/lang/NullPointerException'{0x00000000eb35af88}> (0x00000000eb35af88) 
thrown [s\src\hotspot\share\interpreter\linkResolver.cpp, line 1350]
Event: 3.283 Thread 0x000001eafc3765f0 Exception <a 'java/lang/NoSuchMethodError'{0x00000000eb7520b8}: 'int java.lang.invoke.DirectMethodHandle$Holder.invokeSpecial(java.lang.Object, java.lang.Object, java.lang.Object)'> (0x00000000eb7520b8) 
thrown [s\src\hotspot\share\interpreter\linkResolver.cpp, line 759]
Event: 3.487 Thread 0x000001eafc3765f0 Exception <a 'java/lang/NoSuchMethodError'{0x00000000ebeebd90}: 'void java.lang.invoke.DirectMethodHandle$Holder.invokeInterface(java.lang.Object, java.lang.Object, java.lang.Object)'> (0x00000000ebeebd90) 
thrown [s\src\hotspot\share\interpreter\linkResolver.cpp, line 759]
Event: 3.619 Thread 0x000001eafc3765f0 Exception <a 'java/lang/NoSuchMethodError'{0x00000000ec1fc738}: 'java.lang.Object java.lang.invoke.Invokers$Holder.invokeExact_MT(java.lang.Object, java.lang.Object, java.lang.Object, java.lang.Object, java.lang.Object, java.lang.Object)'> (0x00000000ec1fc738) 
thrown [s\src\hotspot\share\interpreter\linkResolver.cpp, line 759]
Event: 3.678 Thread 0x000001eafc3765f0 Exception <a 'java/lang/NoSuchMethodError'{0x00000000ec2e7090}: 'java.lang.Object java.lang.invoke.DirectMethodHandle$Holder.invokeStatic(java.lang.Object, java.lang.Object, int)'> (0x00000000ec2e7090) 
thrown [s\src\hotspot\share\interpreter\linkResolver.cpp, line 759]
Event: 3.678 Thread 0x000001eafc3765f0 Exception <a 'java/lang/NoSuchMethodError'{0x00000000ec2ec010}: 'void java.lang.invoke.DirectMethodHandle$Holder.invokeStatic(java.lang.Object, java.lang.Object, int, java.lang.Object)'> (0x00000000ec2ec010) 
thrown [s\src\hotspot\share\interpreter\linkResolver.cpp, line 759]
Event: 3.679 Thread 0x000001eafc3765f0 Exception <a 'java/lang/NoSuchMethodError'{0x00000000ec2f3740}: 'void java.lang.invoke.DelegatingMethodHandle$Holder.delegate(java.lang.Object, java.lang.Object, int, java.lang.Object)'> (0x00000000ec2f3740) 
thrown [s\src\hotspot\share\interpreter\linkResolver.cpp, line 759]
Event: 3.680 Thread 0x000001eafc3765f0 Exception <a 'java/lang/NoSuchMethodError'{0x00000000ec305360}: 'int java.lang.invoke.DirectMethodHandle$Holder.invokeStatic(java.lang.Object, java.lang.Object, int)'> (0x00000000ec305360) 
thrown [s\src\hotspot\share\interpreter\linkResolver.cpp, line 759]
Event: 3.681 Thread 0x000001eafc3765f0 Exception <a 'java/lang/NoSuchMethodError'{0x00000000ec309388}: 'int java.lang.invoke.DirectMethodHandle$Holder.invokeSpecial(java.lang.Object, java.lang.Object, java.lang.Object, int)'> (0x00000000ec309388) 
thrown [s\src\hotspot\share\interpreter\linkResolver.cpp, line 759]
Event: 3.682 Thread 0x000001eafc3765f0 Exception <a 'java/lang/NoSuchMethodError'{0x00000000ec324e28}: 'java.lang.Object java.lang.invoke.DirectMethodHandle$Holder.invokeStatic(java.lang.Object, java.lang.Object, java.lang.Object, java.lang.Object, int)'> (0x00000000ec324e28) 
thrown [s\src\hotspot\share\interpreter\linkResolver.cpp, line 759]
Event: 3.683 Thread 0x000001eafc3765f0 Exception <a 'java/lang/NoSuchMethodError'{0x00000000ec3310b0}: 'java.lang.Object java.lang.invoke.DelegatingMethodHandle$Holder.reinvoke_L(java.lang.Object, java.lang.Object, java.lang.Object, java.lang.Object, int, int)'> (0x00000000ec3310b0) 
thrown [s\src\hotspot\share\interpreter\linkResolver.cpp, line 759]
Event: 3.685 Thread 0x000001eafc3765f0 Exception <a 'java/lang/NoSuchMethodError'{0x00000000ec348998}: 'java.lang.Object java.lang.invoke.Invokers$Holder.invokeExact_MT(java.lang.Object, java.lang.Object, java.lang.Object, java.lang.Object)'> (0x00000000ec348998) 
thrown [s\src\hotspot\share\interpreter\linkResolver.cpp, line 759]
Event: 4.923 Thread 0x000001eafc3765f0 Exception <a 'java/lang/NoSuchMethodError'{0x00000000eae68910}: 'int java.lang.invoke.DirectMethodHandle$Holder.invokeStaticInit(java.lang.Object, java.lang.Object, java.lang.Object)'> (0x00000000eae68910) 
thrown [s\src\hotspot\share\interpreter\linkResolver.cpp, line 759]
Event: 4.928 Thread 0x000001eafc3765f0 Exception <a 'java/lang/IncompatibleClassChangeError'{0x00000000eaecf480}: Found class java.lang.Object, but interface was expected> (0x00000000eaecf480) 
thrown [s\src\hotspot\share\interpreter\linkResolver.cpp, line 826]
Event: 5.198 Thread 0x000001eafc3765f0 Exception <a 'java/io/FileNotFoundException'{0x00000000eb67c020}> (0x00000000eb67c020) 
thrown [s\src\hotspot\share\prims\jni.cpp, line 516]
Event: 5.328 Thread 0x000001eafc3765f0 Exception <a 'java/lang/NoSuchMethodError'{0x00000000ebb00cd0}: 'void java.lang.invoke.DirectMethodHandle$Holder.invokeSpecial(java.lang.Object, java.lang.Object, java.lang.Object, int)'> (0x00000000ebb00cd0) 
thrown [s\src\hotspot\share\interpreter\linkResolver.cpp, line 759]
Event: 5.549 Thread 0x000001eafc441ed0 Exception <a 'java/lang/NoSuchMethodError'{0x00000000ebe4b938}: 'int java.lang.invoke.DirectMethodHandle$Holder.invokeVirtual(java.lang.Object, java.lang.Object)'> (0x00000000ebe4b938) 
thrown [s\src\hotspot\share\interpreter\linkResolver.cpp, line 759]
Event: 5.550 Thread 0x000001eafc4436e0 Exception <a 'java/io/FileNotFoundException'{0x00000000eaf2f3b0}> (0x00000000eaf2f3b0) 
thrown [s\src\hotspot\share\prims\jni.cpp, line 516]

VM Operations (20 events):
Event: 3.705 Executing VM operation: ParallelGCFailedAllocation
Event: 3.716 Executing VM operation: ParallelGCFailedAllocation done
Event: 4.257 Executing VM operation: ParallelGCFailedAllocation
Event: 4.284 Executing VM operation: ParallelGCFailedAllocation done
Event: 4.576 Executing VM operation: CollectForMetadataAllocation
Event: 4.631 Executing VM operation: CollectForMetadataAllocation done
Event: 4.884 Executing VM operation: HandshakeAllThreads
Event: 4.884 Executing VM operation: HandshakeAllThreads done
Event: 4.962 Executing VM operation: HandshakeAllThreads
Event: 4.973 Executing VM operation: HandshakeAllThreads done
Event: 5.202 Executing VM operation: HandshakeAllThreads
Event: 5.203 Executing VM operation: HandshakeAllThreads done
Event: 5.320 Executing VM operation: HandshakeAllThreads
Event: 5.320 Executing VM operation: HandshakeAllThreads done
Event: 5.321 Executing VM operation: HandshakeAllThreads
Event: 5.321 Executing VM operation: HandshakeAllThreads done
Event: 5.746 Executing VM operation: ParallelGCFailedAllocation
Event: 5.751 Executing VM operation: ParallelGCFailedAllocation done
Event: 6.155 Executing VM operation: ParallelGCFailedAllocation
Event: 6.157 Executing VM operation: ParallelGCFailedAllocation done

Events (20 events):
Event: 5.590 loading class java/util/zip/DeflaterOutputStream done
Event: 5.590 loading class java/util/zip/GZIPOutputStream done
Event: 5.623 loading class java/util/regex/PatternSyntaxException
Event: 5.623 loading class java/util/regex/PatternSyntaxException done
Event: 5.687 loading class java/util/zip/GZIPInputStream
Event: 5.688 loading class java/util/zip/GZIPInputStream done
Event: 5.710 loading class java/net/SocketTimeoutException
Event: 5.711 loading class java/io/InterruptedIOException
Event: 5.711 loading class java/io/InterruptedIOException done
Event: 5.711 loading class java/net/SocketTimeoutException done
Event: 5.711 loading class java/net/SocketException
Event: 5.711 loading class java/net/SocketException done
Event: 5.711 loading class java/net/UnknownHostException
Event: 5.711 loading class java/net/UnknownHostException done
Event: 5.711 loading class java/net/ProtocolException
Event: 5.711 loading class java/net/ProtocolException done
Event: 5.866 loading class java/lang/NegativeArraySizeException
Event: 5.866 loading class java/lang/NegativeArraySizeException done
Event: 6.379 loading class org/w3c/dom/DOMException
Event: 6.379 loading class org/w3c/dom/DOMException done


Dynamic libraries:
0x00007ff68d5a0000 - 0x00007ff68d5ae000 	c:\Users\user\.antigravity\extensions\redhat.java-1.12.0-win32-x64\jre\17.0.4.1-win32-x86_64\bin\java.exe
0x00007ffd8b230000 - 0x00007ffd8b447000 	C:\Windows\SYSTEM32\ntdll.dll
0x00007ffd89090000 - 0x00007ffd89154000 	C:\Windows\System32\KERNEL32.DLL
0x00007ffd888c0000 - 0x00007ffd88c77000 	C:\Windows\System32\KERNELBASE.dll
0x00007ffd88e10000 - 0x00007ffd88f21000 	C:\Windows\System32\ucrtbase.dll
0x00007ffd74310000 - 0x00007ffd74328000 	c:\Users\user\.antigravity\extensions\redhat.java-1.12.0-win32-x64\jre\17.0.4.1-win32-x86_64\bin\jli.dll
0x00007ffd89210000 - 0x00007ffd893bf000 	C:\Windows\System32\USER32.dll
0x00007ffd88f30000 - 0x00007ffd88f56000 	C:\Windows\System32\win32u.dll
0x00007ffd89060000 - 0x00007ffd89089000 	C:\Windows\System32\GDI32.dll
0x00007ffd88cf0000 - 0x00007ffd88e08000 	C:\Windows\System32\gdi32full.dll
0x00007ffd88570000 - 0x00007ffd8860a000 	C:\Windows\System32\msvcp_win.dll
0x00007ffd72ab0000 - 0x00007ffd72ac9000 	c:\Users\user\.antigravity\extensions\redhat.java-1.12.0-win32-x64\jre\17.0.4.1-win32-x86_64\bin\VCRUNTIME140.dll
0x00007ffd87780000 - 0x00007ffd87a13000 	C:\Windows\WinSxS\amd64_microsoft.windows.common-controls_6595b64144ccf1df_6.0.22621.3672_none_2713b9d173822955\COMCTL32.dll
0x00007ffd8ac30000 - 0x00007ffd8acd7000 	C:\Windows\System32\msvcrt.dll
0x00007ffd8af10000 - 0x00007ffd8af41000 	C:\Windows\System32\IMM32.DLL
0x00007ffd80030000 - 0x00007ffd8003c000 	c:\Users\user\.antigravity\extensions\redhat.java-1.12.0-win32-x64\jre\17.0.4.1-win32-x86_64\bin\vcruntime140_1.dll
0x00007ffd2f6b0000 - 0x00007ffd2f741000 	c:\Users\user\.antigravity\extensions\redhat.java-1.12.0-win32-x64\jre\17.0.4.1-win32-x86_64\bin\msvcp140.dll
0x00007ffd0f220000 - 0x00007ffd0fe66000 	c:\Users\user\.antigravity\extensions\redhat.java-1.12.0-win32-x64\jre\17.0.4.1-win32-x86_64\bin\server\jvm.dll
0x00007ffd8af50000 - 0x00007ffd8b002000 	C:\Windows\System32\ADVAPI32.dll
0x00007ffd89160000 - 0x00007ffd89208000 	C:\Windows\System32\sechost.dll
0x00007ffd88540000 - 0x00007ffd88568000 	C:\Windows\System32\bcrypt.dll
0x00007ffd8ad50000 - 0x00007ffd8ae64000 	C:\Windows\System32\RPCRT4.dll
0x00007ffd8ad40000 - 0x00007ffd8ad48000 	C:\Windows\System32\PSAPI.DLL
0x00007ffd6fd50000 - 0x00007ffd6fd59000 	C:\Windows\SYSTEM32\WSOCK32.dll
0x00007ffd8a8f0000 - 0x00007ffd8a961000 	C:\Windows\System32\WS2_32.dll
0x00007ffd7fef0000 - 0x00007ffd7ff24000 	C:\Windows\SYSTEM32\WINMM.dll
0x00007ffd84940000 - 0x00007ffd8494a000 	C:\Windows\SYSTEM32\VERSION.dll
0x00007ffd866c0000 - 0x00007ffd866d8000 	C:\Windows\SYSTEM32\kernel.appcore.dll
0x00007ffd76c70000 - 0x00007ffd76c7a000 	c:\Users\user\.antigravity\extensions\redhat.java-1.12.0-win32-x64\jre\17.0.4.1-win32-x86_64\bin\jimage.dll
0x00007ffd87ea0000 - 0x00007ffd880d2000 	C:\Windows\SYSTEM32\DBGHELP.DLL
0x00007ffd893c0000 - 0x00007ffd8974e000 	C:\Windows\System32\combase.dll
0x00007ffd8a7b0000 - 0x00007ffd8a887000 	C:\Windows\System32\OLEAUT32.dll
0x00007ffd87d40000 - 0x00007ffd87d72000 	C:\Windows\SYSTEM32\dbgcore.DLL
0x00007ffd88610000 - 0x00007ffd8868b000 	C:\Windows\System32\bcryptPrimitives.dll
0x00007ffd80040000 - 0x00007ffd8004e000 	c:\Users\user\.antigravity\extensions\redhat.java-1.12.0-win32-x64\jre\17.0.4.1-win32-x86_64\bin\instrument.dll
0x00007ffd77170000 - 0x00007ffd77195000 	c:\Users\user\.antigravity\extensions\redhat.java-1.12.0-win32-x64\jre\17.0.4.1-win32-x86_64\bin\java.dll
0x00007ffd64930000 - 0x00007ffd64948000 	c:\Users\user\.antigravity\extensions\redhat.java-1.12.0-win32-x64\jre\17.0.4.1-win32-x86_64\bin\zip.dll
0x00007ffd89e20000 - 0x00007ffd8a689000 	C:\Windows\System32\SHELL32.dll
0x00007ffd85550000 - 0x00007ffd85e4f000 	C:\Windows\SYSTEM32\windows.storage.dll
0x00007ffd85410000 - 0x00007ffd8554f000 	C:\Windows\SYSTEM32\wintypes.dll
0x00007ffd8ab30000 - 0x00007ffd8ac29000 	C:\Windows\System32\SHCORE.dll
0x00007ffd8a750000 - 0x00007ffd8a7ae000 	C:\Windows\System32\shlwapi.dll
0x00007ffd88470000 - 0x00007ffd88497000 	C:\Windows\SYSTEM32\profapi.dll
0x00007ffd5c980000 - 0x00007ffd5c999000 	C:\Users\user\.antigravity\extensions\redhat.java-1.12.0-win32-x64\jre\17.0.4.1-win32-x86_64\bin\net.dll
0x00007ffd831b0000 - 0x00007ffd832e6000 	C:\Windows\SYSTEM32\WINHTTP.dll
0x00007ffd86b60000 - 0x00007ffd86bc9000 	C:\Windows\system32\mswsock.dll
0x00007ffd5c960000 - 0x00007ffd5c975000 	C:\Users\user\.antigravity\extensions\redhat.java-1.12.0-win32-x64\jre\17.0.4.1-win32-x86_64\bin\nio.dll
0x00007ffd73b60000 - 0x00007ffd73b70000 	c:\Users\user\.antigravity\extensions\redhat.java-1.12.0-win32-x64\jre\17.0.4.1-win32-x86_64\bin\verify.dll
0x00007ffd5b610000 - 0x00007ffd5b64e000 	C:\Users\user\AppData\Roaming\Antigravity\User\globalStorage\redhat.java\1.12.0\config_win\org.eclipse.equinox.launcher\org.eclipse.equinox.launcher.win32.win32.x86_64_1.2.600.v20220720-1916\eclipse_11700.dll
0x00007ffd8b040000 - 0x00007ffd8b1e5000 	C:\Windows\System32\ole32.dll

dbghelp: loaded successfully - version: 4.0.5 - missing functions: none
symbol engine: initialized successfully - sym options: 0x614 - pdb path: .;c:\Users\user\.antigravity\extensions\redhat.java-1.12.0-win32-x64\jre\17.0.4.1-win32-x86_64\bin;C:\Windows\SYSTEM32;C:\Windows\WinSxS\amd64_microsoft.windows.common-controls_6595b64144ccf1df_6.0.22621.3672_none_2713b9d173822955;c:\Users\user\.antigravity\extensions\redhat.java-1.12.0-win32-x64\jre\17.0.4.1-win32-x86_64\bin\server;C:\Users\user\AppData\Roaming\Antigravity\User\globalStorage\redhat.java\1.12.0\config_win\org.eclipse.equinox.launcher\org.eclipse.equinox.launcher.win32.win32.x86_64_1.2.600.v20220720-1916

VM Arguments:
jvm_args: --add-modules=ALL-SYSTEM --add-opens=java.base/java.util=ALL-UNNAMED --add-opens=java.base/java.lang=ALL-UNNAMED --add-opens=java.base/sun.nio.fs=ALL-UNNAMED -Declipse.application=org.eclipse.jdt.ls.core.id1 -Dosgi.bundles.defaultStartLevel=4 -Declipse.product=org.eclipse.jdt.ls.core.product -Djava.import.generatesMetadataFilesAtProjectRoot=false -Dfile.encoding=utf8 -XX:+UseParallelGC -XX:GCTimeRatio=4 -XX:AdaptiveSizePolicyWeight=90 -Dsun.zip.disableMemoryMapping=true -Xmx1G -Xms100m -Xlog:disable -javaagent:c:\Users\user\.antigravity\extensions\redhat.java-1.12.0-win32-x64\lombok\lombok-1.18.24.jar -XX:+HeapDumpOnOutOfMemoryError -XX:HeapDumpPath=c:\Users\user\AppData\Roaming\Antigravity\User\workspaceStorage\a1e433b4a5f0c6c270b3112b29a27d60\redhat.java 
java_command: c:\Users\user\.antigravity\extensions\redhat.java-1.12.0-win32-x64\server\plugins\org.eclipse.equinox.launcher_1.6.400.v20210924-0641.jar -configuration c:\Users\user\AppData\Roaming\Antigravity\User\globalStorage\redhat.java\1.12.0\config_win -data c:\Users\user\AppData\Roaming\Antigravity\User\workspaceStorage\a1e433b4a5f0c6c270b3112b29a27d60\redhat.java\jdt_ws
java_class_path (initial): c:\Users\user\.antigravity\extensions\redhat.java-1.12.0-win32-x64\server\plugins\org.eclipse.equinox.launcher_1.6.400.v20210924-0641.jar
Launcher Type: SUN_STANDARD

[Global flags]
    uintx AdaptiveSizePolicyWeight                 = 90                                        {product} {command line}
     intx CICompilerCount                          = 3                                         {product} {ergonomic}
    uintx GCTimeRatio                              = 4                                         {product} {command line}
     bool HeapDumpOnOutOfMemoryError               = true                                   {manageable} {command line}
    ccstr HeapDumpPath                             = c:\Users\user\AppData\Roaming\Antigravity\User\workspaceStorage\a1e433b4a5f0c6c270b3112b29a27d60\redhat.java         {manageable} {command line}
   size_t InitialHeapSize                          = 104857600                                 {product} {command line}
   size_t MaxHeapSize                              = 1073741824                                {product} {command line}
   size_t MaxNewSize                               = 357564416                                 {product} {ergonomic}
   size_t MinHeapDeltaBytes                        = 524288                                    {product} {ergonomic}
   size_t MinHeapSize                              = 104857600                                 {product} {command line}
   size_t NewSize                                  = 34603008                                  {product} {ergonomic}
    uintx NonNMethodCodeHeapSize                   = 5832780                                {pd product} {ergonomic}
    uintx NonProfiledCodeHeapSize                  = 122912730                              {pd product} {ergonomic}
   size_t OldSize                                  = 70254592                                  {product} {ergonomic}
    uintx ProfiledCodeHeapSize                     = 122912730                              {pd product} {ergonomic}
    uintx ReservedCodeCacheSize                    = 251658240                              {pd product} {ergonomic}
     bool SegmentedCodeCache                       = true                                      {product} {ergonomic}
   size_t SoftMaxHeapSize                          = 1073741824                             {manageable} {ergonomic}
     bool UseCompressedClassPointers               = true                           {product lp64_product} {ergonomic}
     bool UseCompressedOops                        = true                           {product lp64_product} {ergonomic}
     bool UseLargePagesIndividualAllocation        = false                                  {pd product} {ergonomic}
     bool UseParallelGC                            = true                                      {product} {command line}

Logging:
Log output configuration:
 #0: stdout all=off uptime,level,tags
 #1: stderr all=off uptime,level,tags

Environment Variables:
JAVA_HOME=C:\Program Files\Microsoft\jdk-17.0.10.7-hotspot\
PATH=C:\Program Files\Microsoft\jdk-17.0.10.7-hotspot\bin;C:\Windows\system32;C:\Windows;C:\Windows\System32\Wbem;C:\Windows\System32\WindowsPowerShell\v1.0\;C:\Windows\System32\OpenSSH\;C:\ProgramData\chocolatey\bin;D:\Git\cmd;C:\Users\user\AppData\Local\Android\Sdk;C:\Program Files (x86)\Microsoft SQL Server\160\Tools\Binn\;C:\Program Files\Microsoft SQL Server\160\Tools\Binn\;C:\Program Files\Microsoft SQL Server\Client SDK\ODBC\170\Tools\Binn\;C:\Program Files\Microsoft SQL Server\160\DTS\Binn\;C:\Program Files\WireGuard\;C:\Program Files\nodejs\;C:\Users\user\AppData\Local\Android\Sdk\tools;C:\Users\user\AppData\Local\Microsoft\WindowsApps;C:\Users\user\AppData\Local\Android\Sdk\platform-tools;C:\Users\user\AppData\Local\GitHubDesktop\bin;C:\Users\user\AppData\Local\Programs\Microsoft VS Code\bin;C:\Users\user\AppData\Roaming\npm;C:\Users\user\AppData\Local\Programs\Antigravity\bin
USERNAME=user
TMPDIR=C:\Users\Public\Documents\iSkysoft\CreatorTemp
OS=Windows_NT
PROCESSOR_IDENTIFIER=Intel64 Family 6 Model 158 Stepping 9, GenuineIntel
TMP=C:\Users\user\AppData\Local\Temp
TEMP=C:\Users\user\AppData\Local\Temp



---------------  S Y S T E M  ---------------

OS:
 Windows 11 , 64 bit Build 22621 (10.0.22621.3958)
OS uptime: 1 days 12:17 hours
Hyper-V role detected

CPU: total 4 (initial active 4) (4 cores per cpu, 1 threads per core) family 6 model 158 stepping 9 microcode 0xde, cx8, cmov, fxsr, mmx, 3dnowpref, sse, sse2, sse3, ssse3, sse4.1, sse4.2, popcnt, lzcnt, tsc, tscinvbit, avx, avx2, aes, erms, clmul, bmi1, bmi2, adx, fma, vzeroupper, clflush, clflushopt, hv

Memory: 4k page, system-wide physical 8075M (315M free)
TotalPageFile size 32651M (AvailPageFile size 3M)
current process WorkingSet (physical memory assigned to process): 147M, peak: 147M
current process commit charge ("private bytes"): 229M, peak: 229M

vm_info: OpenJDK 64-Bit Server VM (17.0.4.1+1) for windows-amd64 JRE (17.0.4.1+1), built on Aug 17 2022 07:42:43 by "temurin" with MS VC++ 16.7 (VS2019)

END.
