2026-03-07T06:40:12.283Z - GET /
2026-03-07T06:55:10.263Z - HEAD /api/auth/login
2026-03-07T06:56:04.645Z - HEAD /api/auth/login
2026-03-07T06:56:55.860Z - POST /api/auth/login
2026-03-07T08:42:00.753Z - HEAD /api/auth/login
2026-03-07T09:17:43.709Z - HEAD /
2026-03-07T09:20:00.052Z - POST /api/auth/login
2026-03-07T20:59:33.858Z - POST /api/auth/login
2026-03-07T21:36:18.582Z - POST /api/auth/login
2026-03-07T21:36:38.839Z - POST /api/auth/register
2026-03-07T21:36:50.190Z - POST /api/auth/login
2026-03-07T21:36:55.122Z - POST /api/auth/login
2026-03-07T21:37:36.012Z - POST /api/auth/register
2026-03-07T21:37:44.858Z - POST /api/auth/login
2026-03-07T21:39:35.497Z - POST /api/civilians/register
2026-03-07T21:41:07.798Z - GET /
2026-03-07T21:44:36.076Z - POST /api/auth/login
2026-03-08T04:32:50.986Z - HEAD /api/auth/login
2026-03-08T04:32:59.712Z - GET /
2026-03-08T04:40:31.434Z - GET /
